running develop
running egg_info
creating ros2_python_examples.egg-info
writing ros2_python_examples.egg-info/PKG-INFO
writing dependency_links to ros2_python_examples.egg-info/dependency_links.txt
writing entry points to ros2_python_examples.egg-info/entry_points.txt
writing requirements to ros2_python_examples.egg-info/requires.txt
writing top-level names to ros2_python_examples.egg-info/top_level.txt
writing manifest file 'ros2_python_examples.egg-info/SOURCES.txt'
reading manifest file 'ros2_python_examples.egg-info/SOURCES.txt'
writing manifest file 'ros2_python_examples.egg-info/SOURCES.txt'
running build_ext
Creating /home/shady/Documents/unige-robotics-msc/rt1/ros2_ws/install/ros2_python_examples/lib/python3.10/site-packages/ros2-python-examples.egg-link (link to .)
Installing client_node script to /home/shady/Documents/unige-robotics-msc/rt1/ros2_ws/install/ros2_python_examples/lib/ros2_python_examples
Installing publisher_node script to /home/shady/Documents/unige-robotics-msc/rt1/ros2_ws/install/ros2_python_examples/lib/ros2_python_examples
Installing server_node script to /home/shady/Documents/unige-robotics-msc/rt1/ros2_ws/install/ros2_python_examples/lib/ros2_python_examples
Installing subscriber_node script to /home/shady/Documents/unige-robotics-msc/rt1/ros2_ws/install/ros2_python_examples/lib/ros2_python_examples

Installed /home/shady/Documents/unige-robotics-msc/rt1/ros2_ws/build/ros2_python_examples
running symlink_data
creating /home/shady/Documents/unige-robotics-msc/rt1/ros2_ws/install/ros2_python_examples/share/ament_index
creating /home/shady/Documents/unige-robotics-msc/rt1/ros2_ws/install/ros2_python_examples/share/ament_index/resource_index
creating /home/shady/Documents/unige-robotics-msc/rt1/ros2_ws/install/ros2_python_examples/share/ament_index/resource_index/packages
symbolically linking /home/shady/Documents/unige-robotics-msc/rt1/ros2_ws/build/ros2_python_examples/resource/ros2_python_examples -> /home/shady/Documents/unige-robotics-msc/rt1/ros2_ws/install/ros2_python_examples/share/ament_index/resource_index/packages
symbolically linking /home/shady/Documents/unige-robotics-msc/rt1/ros2_ws/build/ros2_python_examples/package.xml -> /home/shady/Documents/unige-robotics-msc/rt1/ros2_ws/install/ros2_python_examples/share/ros2_python_examples
