[0.117s] DEBUG:colcon:Command line arguments: ['/usr/bin/colcon', 'build', '--symlink-install']
[0.118s] DEBUG:colcon:Parsed command line arguments: Namespace(log_base=None, log_level=None, verb_name='build', build_base='build', install_base='install', merge_install=False, symlink_install=True, test_result_base=None, continue_on_error=False, executor='parallel', parallel_workers=8, event_handlers=None, ignore_user_meta=False, metas=['./colcon.meta'], base_paths=['.'], packages_ignore=None, packages_ignore_regex=None, paths=None, packages_up_to=None, packages_up_to_regex=None, packages_above=None, packages_above_and_dependencies=None, packages_above_depth=None, packages_select_by_dep=None, packages_skip_by_dep=None, packages_skip_up_to=None, packages_select_build_failed=False, packages_skip_build_finished=False, packages_select_test_failures=False, packages_skip_test_passed=False, packages_select=None, packages_skip=None, packages_select_regex=None, packages_skip_regex=None, packages_start=None, packages_end=None, allow_overriding=[], cmake_args=None, cmake_target=None, cmake_target_skip_unavailable=False, cmake_clean_cache=False, cmake_clean_first=False, cmake_force_configure=False, ament_cmake_args=None, catkin_cmake_args=None, catkin_skip_building_tests=False, mixin_files=None, mixin=None, verb_parser=<colcon_mixin.mixin.mixin_argument.MixinArgumentDecorator object at 0x7a1815646560>, verb_extension=<colcon_core.verb.build.BuildVerb object at 0x7a1815646020>, main=<bound method BuildVerb.main of <colcon_core.verb.build.BuildVerb object at 0x7a1815646020>>, mixin_verb=('build',))
[3.007s] Level 1:colcon.colcon_core.package_discovery:discover_packages(colcon_meta) check parameters
[3.008s] Level 1:colcon.colcon_core.package_discovery:discover_packages(recursive) check parameters
[3.008s] Level 1:colcon.colcon_core.package_discovery:discover_packages(ignore) check parameters
[3.008s] Level 1:colcon.colcon_core.package_discovery:discover_packages(path) check parameters
[3.008s] Level 1:colcon.colcon_core.package_discovery:discover_packages(colcon_meta) discover
[3.009s] Level 1:colcon.colcon_core.package_discovery:discover_packages(recursive) discover
[3.009s] INFO:colcon.colcon_core.package_discovery:Crawling recursively for packages in '/home/shady/Documents/unige-robotics-msc/rt1/ros2_ws'
[3.009s] Level 1:colcon.colcon_core.package_identification:_identify(.) by extensions ['ignore', 'ignore_ament_install']
[3.010s] Level 1:colcon.colcon_core.package_identification:_identify(.) by extension 'ignore'
[3.010s] Level 1:colcon.colcon_core.package_identification:_identify(.) by extension 'ignore_ament_install'
[3.010s] Level 1:colcon.colcon_core.package_identification:_identify(.) by extensions ['colcon_pkg']
[3.011s] Level 1:colcon.colcon_core.package_identification:_identify(.) by extension 'colcon_pkg'
[3.011s] Level 1:colcon.colcon_core.package_identification:_identify(.) by extensions ['colcon_meta']
[3.011s] Level 1:colcon.colcon_core.package_identification:_identify(.) by extension 'colcon_meta'
[3.011s] Level 1:colcon.colcon_core.package_identification:_identify(.) by extensions ['ros']
[3.011s] Level 1:colcon.colcon_core.package_identification:_identify(.) by extension 'ros'
[3.063s] Level 1:colcon.colcon_core.package_identification:_identify(.) by extensions ['cmake', 'python']
[3.063s] Level 1:colcon.colcon_core.package_identification:_identify(.) by extension 'cmake'
[3.063s] Level 1:colcon.colcon_core.package_identification:_identify(.) by extension 'python'
[3.063s] Level 1:colcon.colcon_core.package_identification:_identify(.) by extensions ['python_setup_py']
[3.063s] Level 1:colcon.colcon_core.package_identification:_identify(.) by extension 'python_setup_py'
[3.063s] Level 1:colcon.colcon_core.package_identification:_identify(build) by extensions ['ignore', 'ignore_ament_install']
[3.064s] Level 1:colcon.colcon_core.package_identification:_identify(build) by extension 'ignore'
[3.064s] Level 1:colcon.colcon_core.package_identification:_identify(build) ignored
[3.064s] Level 1:colcon.colcon_core.package_identification:_identify(install) by extensions ['ignore', 'ignore_ament_install']
[3.064s] Level 1:colcon.colcon_core.package_identification:_identify(install) by extension 'ignore'
[3.064s] Level 1:colcon.colcon_core.package_identification:_identify(install) ignored
[3.064s] Level 1:colcon.colcon_core.package_identification:_identify(log) by extensions ['ignore', 'ignore_ament_install']
[3.065s] Level 1:colcon.colcon_core.package_identification:_identify(log) by extension 'ignore'
[3.065s] Level 1:colcon.colcon_core.package_identification:_identify(log) ignored
[3.065s] Level 1:colcon.colcon_core.package_identification:_identify(src) by extensions ['ignore', 'ignore_ament_install']
[3.065s] Level 1:colcon.colcon_core.package_identification:_identify(src) by extension 'ignore'
[3.065s] Level 1:colcon.colcon_core.package_identification:_identify(src) by extension 'ignore_ament_install'
[3.065s] Level 1:colcon.colcon_core.package_identification:_identify(src) by extensions ['colcon_pkg']
[3.065s] Level 1:colcon.colcon_core.package_identification:_identify(src) by extension 'colcon_pkg'
[3.065s] Level 1:colcon.colcon_core.package_identification:_identify(src) by extensions ['colcon_meta']
[3.065s] Level 1:colcon.colcon_core.package_identification:_identify(src) by extension 'colcon_meta'
[3.065s] Level 1:colcon.colcon_core.package_identification:_identify(src) by extensions ['ros']
[3.066s] Level 1:colcon.colcon_core.package_identification:_identify(src) by extension 'ros'
[3.066s] Level 1:colcon.colcon_core.package_identification:_identify(src) by extensions ['cmake', 'python']
[3.066s] Level 1:colcon.colcon_core.package_identification:_identify(src) by extension 'cmake'
[3.066s] Level 1:colcon.colcon_core.package_identification:_identify(src) by extension 'python'
[3.066s] Level 1:colcon.colcon_core.package_identification:_identify(src) by extensions ['python_setup_py']
[3.066s] Level 1:colcon.colcon_core.package_identification:_identify(src) by extension 'python_setup_py'
[3.066s] Level 1:colcon.colcon_core.package_identification:_identify(src/my_robot_controller) by extensions ['ignore', 'ignore_ament_install']
[3.066s] Level 1:colcon.colcon_core.package_identification:_identify(src/my_robot_controller) by extension 'ignore'
[3.066s] Level 1:colcon.colcon_core.package_identification:_identify(src/my_robot_controller) by extension 'ignore_ament_install'
[3.066s] Level 1:colcon.colcon_core.package_identification:_identify(src/my_robot_controller) by extensions ['colcon_pkg']
[3.066s] Level 1:colcon.colcon_core.package_identification:_identify(src/my_robot_controller) by extension 'colcon_pkg'
[3.067s] Level 1:colcon.colcon_core.package_identification:_identify(src/my_robot_controller) by extensions ['colcon_meta']
[3.067s] Level 1:colcon.colcon_core.package_identification:_identify(src/my_robot_controller) by extension 'colcon_meta'
[3.067s] Level 1:colcon.colcon_core.package_identification:_identify(src/my_robot_controller) by extensions ['ros']
[3.067s] Level 1:colcon.colcon_core.package_identification:_identify(src/my_robot_controller) by extension 'ros'
[3.089s] DEBUG:colcon.colcon_core.package_identification:Package 'src/my_robot_controller' with type 'ros.ament_python' and name 'my_robot_controller'
[3.089s] Level 1:colcon.colcon_core.package_identification:_identify(src/ros2_cpp_examples) by extensions ['ignore', 'ignore_ament_install']
[3.089s] Level 1:colcon.colcon_core.package_identification:_identify(src/ros2_cpp_examples) by extension 'ignore'
[3.090s] Level 1:colcon.colcon_core.package_identification:_identify(src/ros2_cpp_examples) by extension 'ignore_ament_install'
[3.090s] Level 1:colcon.colcon_core.package_identification:_identify(src/ros2_cpp_examples) by extensions ['colcon_pkg']
[3.090s] Level 1:colcon.colcon_core.package_identification:_identify(src/ros2_cpp_examples) by extension 'colcon_pkg'
[3.090s] Level 1:colcon.colcon_core.package_identification:_identify(src/ros2_cpp_examples) by extensions ['colcon_meta']
[3.090s] Level 1:colcon.colcon_core.package_identification:_identify(src/ros2_cpp_examples) by extension 'colcon_meta'
[3.090s] Level 1:colcon.colcon_core.package_identification:_identify(src/ros2_cpp_examples) by extensions ['ros']
[3.090s] Level 1:colcon.colcon_core.package_identification:_identify(src/ros2_cpp_examples) by extension 'ros'
[3.107s] DEBUG:colcon.colcon_core.package_identification:Package 'src/ros2_cpp_examples' with type 'ros.ament_cmake' and name 'ros2_cpp_examples'
[3.108s] Level 1:colcon.colcon_core.package_discovery:discover_packages(recursive) using defaults
[3.108s] Level 1:colcon.colcon_core.package_discovery:discover_packages(ignore) discover
[3.108s] Level 1:colcon.colcon_core.package_discovery:discover_packages(ignore) using defaults
[3.108s] Level 1:colcon.colcon_core.package_discovery:discover_packages(path) discover
[3.108s] Level 1:colcon.colcon_core.package_discovery:discover_packages(path) using defaults
[3.298s] Level 1:colcon.colcon_core.package_discovery:discover_packages(prefix_path) check parameters
[3.298s] Level 1:colcon.colcon_core.package_discovery:discover_packages(prefix_path) discover
[3.303s] DEBUG:colcon.colcon_installed_package_information.package_discovery:Found 1 installed packages in /home/shady/Documents/unige-robotics-msc/rt1/ros2_ws/install
[3.305s] DEBUG:colcon.colcon_installed_package_information.package_discovery:Found 270 installed packages in /opt/ros/humble
[3.318s] Level 1:colcon.colcon_core.package_discovery:discover_packages(prefix_path) using defaults
[3.377s] Level 5:colcon.colcon_core.verb:set package 'my_robot_controller' build argument 'cmake_args' from command line to 'None'
[3.377s] Level 5:colcon.colcon_core.verb:set package 'my_robot_controller' build argument 'cmake_target' from command line to 'None'
[3.377s] Level 5:colcon.colcon_core.verb:set package 'my_robot_controller' build argument 'cmake_target_skip_unavailable' from command line to 'False'
[3.377s] Level 5:colcon.colcon_core.verb:set package 'my_robot_controller' build argument 'cmake_clean_cache' from command line to 'False'
[3.377s] Level 5:colcon.colcon_core.verb:set package 'my_robot_controller' build argument 'cmake_clean_first' from command line to 'False'
[3.377s] Level 5:colcon.colcon_core.verb:set package 'my_robot_controller' build argument 'cmake_force_configure' from command line to 'False'
[3.377s] Level 5:colcon.colcon_core.verb:set package 'my_robot_controller' build argument 'ament_cmake_args' from command line to 'None'
[3.377s] Level 5:colcon.colcon_core.verb:set package 'my_robot_controller' build argument 'catkin_cmake_args' from command line to 'None'
[3.377s] Level 5:colcon.colcon_core.verb:set package 'my_robot_controller' build argument 'catkin_skip_building_tests' from command line to 'False'
[3.377s] DEBUG:colcon.colcon_core.verb:Building package 'my_robot_controller' with the following arguments: {'ament_cmake_args': None, 'build_base': '/home/shady/Documents/unige-robotics-msc/rt1/ros2_ws/build/my_robot_controller', 'catkin_cmake_args': None, 'catkin_skip_building_tests': False, 'cmake_args': None, 'cmake_clean_cache': False, 'cmake_clean_first': False, 'cmake_force_configure': False, 'cmake_target': None, 'cmake_target_skip_unavailable': False, 'install_base': '/home/shady/Documents/unige-robotics-msc/rt1/ros2_ws/install/my_robot_controller', 'merge_install': False, 'path': '/home/shady/Documents/unige-robotics-msc/rt1/ros2_ws/src/my_robot_controller', 'symlink_install': True, 'test_result_base': None}
[3.378s] Level 5:colcon.colcon_core.verb:set package 'ros2_cpp_examples' build argument 'cmake_args' from command line to 'None'
[3.378s] Level 5:colcon.colcon_core.verb:set package 'ros2_cpp_examples' build argument 'cmake_target' from command line to 'None'
[3.378s] Level 5:colcon.colcon_core.verb:set package 'ros2_cpp_examples' build argument 'cmake_target_skip_unavailable' from command line to 'False'
[3.378s] Level 5:colcon.colcon_core.verb:set package 'ros2_cpp_examples' build argument 'cmake_clean_cache' from command line to 'False'
[3.378s] Level 5:colcon.colcon_core.verb:set package 'ros2_cpp_examples' build argument 'cmake_clean_first' from command line to 'False'
[3.378s] Level 5:colcon.colcon_core.verb:set package 'ros2_cpp_examples' build argument 'cmake_force_configure' from command line to 'False'
[3.378s] Level 5:colcon.colcon_core.verb:set package 'ros2_cpp_examples' build argument 'ament_cmake_args' from command line to 'None'
[3.378s] Level 5:colcon.colcon_core.verb:set package 'ros2_cpp_examples' build argument 'catkin_cmake_args' from command line to 'None'
[3.378s] Level 5:colcon.colcon_core.verb:set package 'ros2_cpp_examples' build argument 'catkin_skip_building_tests' from command line to 'False'
[3.378s] DEBUG:colcon.colcon_core.verb:Building package 'ros2_cpp_examples' with the following arguments: {'ament_cmake_args': None, 'build_base': '/home/shady/Documents/unige-robotics-msc/rt1/ros2_ws/build/ros2_cpp_examples', 'catkin_cmake_args': None, 'catkin_skip_building_tests': False, 'cmake_args': None, 'cmake_clean_cache': False, 'cmake_clean_first': False, 'cmake_force_configure': False, 'cmake_target': None, 'cmake_target_skip_unavailable': False, 'install_base': '/home/shady/Documents/unige-robotics-msc/rt1/ros2_ws/install/ros2_cpp_examples', 'merge_install': False, 'path': '/home/shady/Documents/unige-robotics-msc/rt1/ros2_ws/src/ros2_cpp_examples', 'symlink_install': True, 'test_result_base': None}
[3.378s] INFO:colcon.colcon_core.executor:Executing jobs using 'parallel' executor
[3.379s] DEBUG:colcon.colcon_parallel_executor.executor.parallel:run_until_complete
[3.380s] INFO:colcon.colcon_ros.task.ament_python.build:Building ROS package in '/home/shady/Documents/unige-robotics-msc/rt1/ros2_ws/src/my_robot_controller' with build type 'ament_python'
[3.380s] Level 1:colcon.colcon_core.shell:create_environment_hook('my_robot_controller', 'ament_prefix_path')
[3.411s] INFO:colcon.colcon_core.plugin_system:Skipping extension 'colcon_core.shell.bat': Not used on non-Windows systems
[3.412s] INFO:colcon.colcon_core.shell:Creating environment hook '/home/shady/Documents/unige-robotics-msc/rt1/ros2_ws/install/my_robot_controller/share/my_robot_controller/hook/ament_prefix_path.ps1'
[3.413s] INFO:colcon.colcon_core.shell:Creating environment descriptor '/home/shady/Documents/unige-robotics-msc/rt1/ros2_ws/install/my_robot_controller/share/my_robot_controller/hook/ament_prefix_path.dsv'
[3.421s] INFO:colcon.colcon_core.shell:Creating environment hook '/home/shady/Documents/unige-robotics-msc/rt1/ros2_ws/install/my_robot_controller/share/my_robot_controller/hook/ament_prefix_path.sh'
[3.423s] INFO:colcon.colcon_core.shell:Skip shell extension 'powershell' for command environment: Not usable outside of PowerShell
[3.423s] DEBUG:colcon.colcon_core.shell:Skip shell extension 'dsv' for command environment
[3.427s] INFO:colcon.colcon_ros.task.ament_cmake.build:Building ROS package in '/home/shady/Documents/unige-robotics-msc/rt1/ros2_ws/src/ros2_cpp_examples' with build type 'ament_cmake'
[3.427s] INFO:colcon.colcon_cmake.task.cmake.build:Building CMake package in '/home/shady/Documents/unige-robotics-msc/rt1/ros2_ws/src/ros2_cpp_examples'
[3.427s] INFO:colcon.colcon_core.shell:Skip shell extension 'powershell' for command environment: Not usable outside of PowerShell
[3.427s] DEBUG:colcon.colcon_core.shell:Skip shell extension 'dsv' for command environment
[3.778s] INFO:colcon.colcon_core.task.python.build:Building Python package in '/home/shady/Documents/unige-robotics-msc/rt1/ros2_ws/src/my_robot_controller'
[3.779s] INFO:colcon.colcon_core.shell:Skip shell extension 'powershell' for command environment: Not usable outside of PowerShell
[3.779s] DEBUG:colcon.colcon_core.shell:Skip shell extension 'dsv' for command environment
[3.785s] DEBUG:colcon.colcon_core.event_handler.log_command:Invoking command in '/home/shady/Documents/unige-robotics-msc/rt1/ros2_ws/build/ros2_cpp_examples': CMAKE_PREFIX_PATH=/home/shady/Documents/unige-robotics-msc/rt1/ros2_ws/install/my_robot_controller:/opt/ros/humble /usr/bin/cmake /home/shady/Documents/unige-robotics-msc/rt1/ros2_ws/src/ros2_cpp_examples -DAMENT_CMAKE_SYMLINK_INSTALL=1 -DCMAKE_INSTALL_PREFIX=/home/shady/Documents/unige-robotics-msc/rt1/ros2_ws/install/ros2_cpp_examples
[5.624s] DEBUG:colcon.colcon_core.event_handler.log_command:Invoking command in '/home/shady/Documents/unige-robotics-msc/rt1/ros2_ws/build/my_robot_controller': PYTHONPATH=/home/shady/Documents/unige-robotics-msc/rt1/ros2_ws/build/my_robot_controller/prefix_override:/usr/lib/python3/dist-packages/colcon_core/task/python/colcon_distutils_commands:/home/shady/Documents/unige-robotics-msc/rt1/ros2_ws/install/my_robot_controller/lib/python3.10/site-packages:${PYTHONPATH} /usr/bin/python3 -W ignore:setup.py install is deprecated -W ignore:easy_install command is deprecated setup.py develop --editable --build-directory /home/shady/Documents/unige-robotics-msc/rt1/ros2_ws/build/my_robot_controller/build --no-deps symlink_data
[6.541s] Level 1:colcon.colcon_core.shell:create_environment_hook('my_robot_controller', 'pythonpath_develop')
[6.542s] INFO:colcon.colcon_core.shell:Creating environment hook '/home/shady/Documents/unige-robotics-msc/rt1/ros2_ws/build/my_robot_controller/share/my_robot_controller/hook/pythonpath_develop.ps1'
[6.542s] DEBUG:colcon.colcon_core.event_handler.log_command:Invoked command in '/home/shady/Documents/unige-robotics-msc/rt1/ros2_ws/build/my_robot_controller' returned '0': PYTHONPATH=/home/shady/Documents/unige-robotics-msc/rt1/ros2_ws/build/my_robot_controller/prefix_override:/usr/lib/python3/dist-packages/colcon_core/task/python/colcon_distutils_commands:/home/shady/Documents/unige-robotics-msc/rt1/ros2_ws/install/my_robot_controller/lib/python3.10/site-packages:${PYTHONPATH} /usr/bin/python3 -W ignore:setup.py install is deprecated -W ignore:easy_install command is deprecated setup.py develop --editable --build-directory /home/shady/Documents/unige-robotics-msc/rt1/ros2_ws/build/my_robot_controller/build --no-deps symlink_data
[6.543s] INFO:colcon.colcon_core.shell:Creating environment descriptor '/home/shady/Documents/unige-robotics-msc/rt1/ros2_ws/build/my_robot_controller/share/my_robot_controller/hook/pythonpath_develop.dsv'
[6.544s] INFO:colcon.colcon_core.shell:Creating environment hook '/home/shady/Documents/unige-robotics-msc/rt1/ros2_ws/build/my_robot_controller/share/my_robot_controller/hook/pythonpath_develop.sh'
[6.618s] Level 1:colcon.colcon_core.environment:checking '/home/shady/Documents/unige-robotics-msc/rt1/ros2_ws/install/my_robot_controller' for CMake module files
[6.619s] Level 1:colcon.colcon_core.environment:checking '/home/shady/Documents/unige-robotics-msc/rt1/ros2_ws/install/my_robot_controller' for CMake config files
[6.620s] Level 1:colcon.colcon_core.environment:checking '/home/shady/Documents/unige-robotics-msc/rt1/ros2_ws/install/my_robot_controller/lib'
[6.620s] Level 1:colcon.colcon_core.environment:checking '/home/shady/Documents/unige-robotics-msc/rt1/ros2_ws/install/my_robot_controller/bin'
[6.621s] Level 1:colcon.colcon_core.environment:checking '/home/shady/Documents/unige-robotics-msc/rt1/ros2_ws/install/my_robot_controller/lib/pkgconfig/my_robot_controller.pc'
[6.621s] Level 1:colcon.colcon_core.environment:checking '/home/shady/Documents/unige-robotics-msc/rt1/ros2_ws/install/my_robot_controller/lib/python3.10/site-packages'
[6.621s] Level 1:colcon.colcon_core.shell:create_environment_hook('my_robot_controller', 'pythonpath')
[6.621s] INFO:colcon.colcon_core.shell:Creating environment hook '/home/shady/Documents/unige-robotics-msc/rt1/ros2_ws/install/my_robot_controller/share/my_robot_controller/hook/pythonpath.ps1'
[6.622s] INFO:colcon.colcon_core.shell:Creating environment descriptor '/home/shady/Documents/unige-robotics-msc/rt1/ros2_ws/install/my_robot_controller/share/my_robot_controller/hook/pythonpath.dsv'
[6.623s] INFO:colcon.colcon_core.shell:Creating environment hook '/home/shady/Documents/unige-robotics-msc/rt1/ros2_ws/install/my_robot_controller/share/my_robot_controller/hook/pythonpath.sh'
[6.624s] Level 1:colcon.colcon_core.environment:checking '/home/shady/Documents/unige-robotics-msc/rt1/ros2_ws/install/my_robot_controller/bin'
[6.624s] Level 1:colcon.colcon_core.environment:create_environment_scripts_only(my_robot_controller)
[6.624s] INFO:colcon.colcon_core.shell:Creating package script '/home/shady/Documents/unige-robotics-msc/rt1/ros2_ws/install/my_robot_controller/share/my_robot_controller/package.ps1'
[6.653s] INFO:colcon.colcon_core.shell:Creating package descriptor '/home/shady/Documents/unige-robotics-msc/rt1/ros2_ws/install/my_robot_controller/share/my_robot_controller/package.dsv'
[6.655s] INFO:colcon.colcon_core.shell:Creating package script '/home/shady/Documents/unige-robotics-msc/rt1/ros2_ws/install/my_robot_controller/share/my_robot_controller/package.sh'
[6.656s] INFO:colcon.colcon_core.shell:Creating package script '/home/shady/Documents/unige-robotics-msc/rt1/ros2_ws/install/my_robot_controller/share/my_robot_controller/package.bash'
[6.680s] INFO:colcon.colcon_core.shell:Creating package script '/home/shady/Documents/unige-robotics-msc/rt1/ros2_ws/install/my_robot_controller/share/my_robot_controller/package.zsh'
[6.690s] Level 1:colcon.colcon_core.environment:create_file_with_runtime_dependencies(/home/shady/Documents/unige-robotics-msc/rt1/ros2_ws/install/my_robot_controller/share/colcon-core/packages/my_robot_controller)
[9.758s] DEBUG:colcon.colcon_core.event_handler.log_command:Invoked command in '/home/shady/Documents/unige-robotics-msc/rt1/ros2_ws/build/ros2_cpp_examples' returned '0': CMAKE_PREFIX_PATH=/home/shady/Documents/unige-robotics-msc/rt1/ros2_ws/install/my_robot_controller:/opt/ros/humble /usr/bin/cmake /home/shady/Documents/unige-robotics-msc/rt1/ros2_ws/src/ros2_cpp_examples -DAMENT_CMAKE_SYMLINK_INSTALL=1 -DCMAKE_INSTALL_PREFIX=/home/shady/Documents/unige-robotics-msc/rt1/ros2_ws/install/ros2_cpp_examples
[9.762s] DEBUG:colcon.colcon_core.event_handler.log_command:Invoking command in '/home/shady/Documents/unige-robotics-msc/rt1/ros2_ws/build/ros2_cpp_examples': CMAKE_PREFIX_PATH=/home/shady/Documents/unige-robotics-msc/rt1/ros2_ws/install/my_robot_controller:/opt/ros/humble /usr/bin/cmake --build /home/shady/Documents/unige-robotics-msc/rt1/ros2_ws/build/ros2_cpp_examples -- -j8 -l8
[20.909s] DEBUG:colcon.colcon_core.event_handler.log_command:Invoked command in '/home/shady/Documents/unige-robotics-msc/rt1/ros2_ws/build/ros2_cpp_examples' returned '0': CMAKE_PREFIX_PATH=/home/shady/Documents/unige-robotics-msc/rt1/ros2_ws/install/my_robot_controller:/opt/ros/humble /usr/bin/cmake --build /home/shady/Documents/unige-robotics-msc/rt1/ros2_ws/build/ros2_cpp_examples -- -j8 -l8
[20.977s] DEBUG:colcon.colcon_core.event_handler.log_command:Invoking command in '/home/shady/Documents/unige-robotics-msc/rt1/ros2_ws/build/ros2_cpp_examples': CMAKE_PREFIX_PATH=/home/shady/Documents/unige-robotics-msc/rt1/ros2_ws/install/my_robot_controller:/opt/ros/humble /usr/bin/cmake --install /home/shady/Documents/unige-robotics-msc/rt1/ros2_ws/build/ros2_cpp_examples
[21.174s] Level 1:colcon.colcon_core.environment:create_environment_scripts_only(ros2_cpp_examples)
[21.175s] Level 1:colcon.colcon_core.environment:checking '/home/shady/Documents/unige-robotics-msc/rt1/ros2_ws/install/ros2_cpp_examples' for CMake module files
[21.176s] DEBUG:colcon.colcon_core.event_handler.log_command:Invoked command in '/home/shady/Documents/unige-robotics-msc/rt1/ros2_ws/build/ros2_cpp_examples' returned '0': CMAKE_PREFIX_PATH=/home/shady/Documents/unige-robotics-msc/rt1/ros2_ws/install/my_robot_controller:/opt/ros/humble /usr/bin/cmake --install /home/shady/Documents/unige-robotics-msc/rt1/ros2_ws/build/ros2_cpp_examples
[21.177s] Level 1:colcon.colcon_core.environment:checking '/home/shady/Documents/unige-robotics-msc/rt1/ros2_ws/install/ros2_cpp_examples' for CMake config files
[21.178s] Level 1:colcon.colcon_core.shell:create_environment_hook('ros2_cpp_examples', 'cmake_prefix_path')
[21.179s] INFO:colcon.colcon_core.shell:Creating environment hook '/home/shady/Documents/unige-robotics-msc/rt1/ros2_ws/install/ros2_cpp_examples/share/ros2_cpp_examples/hook/cmake_prefix_path.ps1'
[21.181s] INFO:colcon.colcon_core.shell:Creating environment descriptor '/home/shady/Documents/unige-robotics-msc/rt1/ros2_ws/install/ros2_cpp_examples/share/ros2_cpp_examples/hook/cmake_prefix_path.dsv'
[21.182s] INFO:colcon.colcon_core.shell:Creating environment hook '/home/shady/Documents/unige-robotics-msc/rt1/ros2_ws/install/ros2_cpp_examples/share/ros2_cpp_examples/hook/cmake_prefix_path.sh'
[21.183s] Level 1:colcon.colcon_core.environment:checking '/home/shady/Documents/unige-robotics-msc/rt1/ros2_ws/install/ros2_cpp_examples/lib'
[21.183s] Level 1:colcon.colcon_core.environment:checking '/home/shady/Documents/unige-robotics-msc/rt1/ros2_ws/install/ros2_cpp_examples/bin'
[21.183s] Level 1:colcon.colcon_core.environment:checking '/home/shady/Documents/unige-robotics-msc/rt1/ros2_ws/install/ros2_cpp_examples/lib/pkgconfig/ros2_cpp_examples.pc'
[21.184s] Level 1:colcon.colcon_core.environment:checking '/home/shady/Documents/unige-robotics-msc/rt1/ros2_ws/install/ros2_cpp_examples/lib/python3.10/site-packages'
[21.184s] Level 1:colcon.colcon_core.environment:checking '/home/shady/Documents/unige-robotics-msc/rt1/ros2_ws/install/ros2_cpp_examples/bin'
[21.184s] INFO:colcon.colcon_core.shell:Creating package script '/home/shady/Documents/unige-robotics-msc/rt1/ros2_ws/install/ros2_cpp_examples/share/ros2_cpp_examples/package.ps1'
[21.185s] INFO:colcon.colcon_core.shell:Creating package descriptor '/home/shady/Documents/unige-robotics-msc/rt1/ros2_ws/install/ros2_cpp_examples/share/ros2_cpp_examples/package.dsv'
[21.185s] INFO:colcon.colcon_core.shell:Creating package script '/home/shady/Documents/unige-robotics-msc/rt1/ros2_ws/install/ros2_cpp_examples/share/ros2_cpp_examples/package.sh'
[21.186s] INFO:colcon.colcon_core.shell:Creating package script '/home/shady/Documents/unige-robotics-msc/rt1/ros2_ws/install/ros2_cpp_examples/share/ros2_cpp_examples/package.bash'
[21.186s] INFO:colcon.colcon_core.shell:Creating package script '/home/shady/Documents/unige-robotics-msc/rt1/ros2_ws/install/ros2_cpp_examples/share/ros2_cpp_examples/package.zsh'
[21.207s] Level 1:colcon.colcon_core.environment:create_file_with_runtime_dependencies(/home/shady/Documents/unige-robotics-msc/rt1/ros2_ws/install/ros2_cpp_examples/share/colcon-core/packages/ros2_cpp_examples)
[21.209s] Level 1:colcon.colcon_core.environment:create_environment_scripts_only(ros2_cpp_examples)
[21.210s] Level 1:colcon.colcon_core.environment:checking '/home/shady/Documents/unige-robotics-msc/rt1/ros2_ws/install/ros2_cpp_examples' for CMake module files
[21.212s] Level 1:colcon.colcon_core.environment:checking '/home/shady/Documents/unige-robotics-msc/rt1/ros2_ws/install/ros2_cpp_examples' for CMake config files
[21.212s] Level 1:colcon.colcon_core.shell:create_environment_hook('ros2_cpp_examples', 'cmake_prefix_path')
[21.213s] INFO:colcon.colcon_core.shell:Creating environment hook '/home/shady/Documents/unige-robotics-msc/rt1/ros2_ws/install/ros2_cpp_examples/share/ros2_cpp_examples/hook/cmake_prefix_path.ps1'
[21.214s] INFO:colcon.colcon_core.shell:Creating environment descriptor '/home/shady/Documents/unige-robotics-msc/rt1/ros2_ws/install/ros2_cpp_examples/share/ros2_cpp_examples/hook/cmake_prefix_path.dsv'
[21.215s] INFO:colcon.colcon_core.shell:Creating environment hook '/home/shady/Documents/unige-robotics-msc/rt1/ros2_ws/install/ros2_cpp_examples/share/ros2_cpp_examples/hook/cmake_prefix_path.sh'
[21.217s] Level 1:colcon.colcon_core.environment:checking '/home/shady/Documents/unige-robotics-msc/rt1/ros2_ws/install/ros2_cpp_examples/lib'
[21.217s] Level 1:colcon.colcon_core.environment:checking '/home/shady/Documents/unige-robotics-msc/rt1/ros2_ws/install/ros2_cpp_examples/bin'
[21.218s] Level 1:colcon.colcon_core.environment:checking '/home/shady/Documents/unige-robotics-msc/rt1/ros2_ws/install/ros2_cpp_examples/lib/pkgconfig/ros2_cpp_examples.pc'
[21.218s] Level 1:colcon.colcon_core.environment:checking '/home/shady/Documents/unige-robotics-msc/rt1/ros2_ws/install/ros2_cpp_examples/lib/python3.10/site-packages'
[21.219s] Level 1:colcon.colcon_core.environment:checking '/home/shady/Documents/unige-robotics-msc/rt1/ros2_ws/install/ros2_cpp_examples/bin'
[21.220s] INFO:colcon.colcon_core.shell:Creating package script '/home/shady/Documents/unige-robotics-msc/rt1/ros2_ws/install/ros2_cpp_examples/share/ros2_cpp_examples/package.ps1'
[21.222s] INFO:colcon.colcon_core.shell:Creating package descriptor '/home/shady/Documents/unige-robotics-msc/rt1/ros2_ws/install/ros2_cpp_examples/share/ros2_cpp_examples/package.dsv'
[21.223s] INFO:colcon.colcon_core.shell:Creating package script '/home/shady/Documents/unige-robotics-msc/rt1/ros2_ws/install/ros2_cpp_examples/share/ros2_cpp_examples/package.sh'
[21.225s] INFO:colcon.colcon_core.shell:Creating package script '/home/shady/Documents/unige-robotics-msc/rt1/ros2_ws/install/ros2_cpp_examples/share/ros2_cpp_examples/package.bash'
[21.227s] INFO:colcon.colcon_core.shell:Creating package script '/home/shady/Documents/unige-robotics-msc/rt1/ros2_ws/install/ros2_cpp_examples/share/ros2_cpp_examples/package.zsh'
[21.228s] Level 1:colcon.colcon_core.environment:create_file_with_runtime_dependencies(/home/shady/Documents/unige-robotics-msc/rt1/ros2_ws/install/ros2_cpp_examples/share/colcon-core/packages/ros2_cpp_examples)
[21.228s] DEBUG:colcon.colcon_parallel_executor.executor.parallel:closing loop
[21.229s] DEBUG:colcon.colcon_parallel_executor.executor.parallel:loop closed
[21.229s] DEBUG:colcon.colcon_parallel_executor.executor.parallel:run_until_complete finished with '0'
[21.229s] DEBUG:colcon.colcon_core.event_reactor:joining thread
[21.450s] INFO:colcon.colcon_core.plugin_system:Skipping extension 'colcon_notification.desktop_notification.terminal_notifier': Not used on non-Darwin systems
[21.450s] INFO:colcon.colcon_core.plugin_system:Skipping extension 'colcon_notification.desktop_notification.win32': Not used on non-Windows systems
[21.450s] INFO:colcon.colcon_notification.desktop_notification:Sending desktop notification using 'notify2'
[21.876s] DEBUG:colcon.colcon_core.event_reactor:joined thread
[21.878s] INFO:colcon.colcon_core.shell:Creating prefix script '/home/shady/Documents/unige-robotics-msc/rt1/ros2_ws/install/local_setup.ps1'
[21.898s] INFO:colcon.colcon_core.shell:Creating prefix util module '/home/shady/Documents/unige-robotics-msc/rt1/ros2_ws/install/_local_setup_util_ps1.py'
[21.914s] INFO:colcon.colcon_core.shell:Creating prefix chain script '/home/shady/Documents/unige-robotics-msc/rt1/ros2_ws/install/setup.ps1'
[21.923s] INFO:colcon.colcon_core.shell:Creating prefix script '/home/shady/Documents/unige-robotics-msc/rt1/ros2_ws/install/local_setup.sh'
[21.924s] INFO:colcon.colcon_core.shell:Creating prefix util module '/home/shady/Documents/unige-robotics-msc/rt1/ros2_ws/install/_local_setup_util_sh.py'
[21.925s] INFO:colcon.colcon_core.shell:Creating prefix chain script '/home/shady/Documents/unige-robotics-msc/rt1/ros2_ws/install/setup.sh'
[21.928s] INFO:colcon.colcon_core.shell:Creating prefix script '/home/shady/Documents/unige-robotics-msc/rt1/ros2_ws/install/local_setup.bash'
[21.946s] INFO:colcon.colcon_core.shell:Creating prefix chain script '/home/shady/Documents/unige-robotics-msc/rt1/ros2_ws/install/setup.bash'
[21.949s] INFO:colcon.colcon_core.shell:Creating prefix script '/home/shady/Documents/unige-robotics-msc/rt1/ros2_ws/install/local_setup.zsh'
[21.968s] INFO:colcon.colcon_core.shell:Creating prefix chain script '/home/shady/Documents/unige-robotics-msc/rt1/ros2_ws/install/setup.zsh'
