[0.470s] Invoking command in '/home/shady/Documents/unige-robotics-msc/rt1/ros2_ws/build/robot_description': /usr/bin/cmake /home/shady/Documents/unige-robotics-msc/rt1/ros2_ws/src/robot_description -DCATKIN_INSTALL_INTO_PREFIX_ROOT=0 -DCMAKE_INSTALL_PREFIX=/home/shady/Documents/unige-robotics-msc/rt1/ros2_ws/install/robot_description
[2.003s] -- The C compiler identification is GNU 11.4.0
[2.982s] -- The CXX compiler identification is GNU 11.4.0
[3.001s] -- Detecting C compiler ABI info
[3.361s] -- Detecting C compiler ABI info - done
[3.370s] -- Check for working C compiler: /usr/bin/cc - skipped
[3.371s] -- Detecting C compile features
[3.397s] -- Detecting C compile features - done
[3.402s] -- Detecting CXX compiler ABI info
[3.588s] -- Detecting CXX compiler ABI info - done
[3.604s] -- Check for working CXX compiler: /usr/bin/c++ - skipped
[3.604s] -- Detecting CXX compile features
[3.605s] -- Detecting CXX compile features - done
[3.620s] [31mCMake Error at CMakeLists.txt:10 (find_package):
[3.621s]   By not providing "Findcatkin.cmake" in CMAKE_MODULE_PATH this project has
[3.621s]   asked CMake to find a package configuration file provided by "catkin", but
[3.622s]   CMake did not find one.
[3.622s] 
[3.622s]   Could not find a package configuration file provided by "catkin" with any
[3.623s]   of the following names:
[3.623s] 
[3.623s]     catkinConfig.cmake
[3.623s]     catkin-config.cmake
[3.624s] 
[3.624s]   Add the installation prefix of "catkin" to CMAKE_PREFIX_PATH or set
[3.625s]   "catkin_DIR" to a directory containing one of the above files.  If "catkin"
[3.625s]   provides a separate development package or SDK, be sure it has been
[3.625s]   installed.
[3.626s] 
[3.626s] [0m
[3.627s] -- Configuring incomplete, errors occurred!
[3.627s] See also "/home/shady/Documents/unige-robotics-msc/rt1/ros2_ws/build/robot_description/CMakeFiles/CMakeOutput.log".
[3.630s] Invoked command in '/home/shady/Documents/unige-robotics-msc/rt1/ros2_ws/build/robot_description' returned '1': /usr/bin/cmake /home/shady/Documents/unige-robotics-msc/rt1/ros2_ws/src/robot_description -DCATKIN_INSTALL_INTO_PREFIX_ROOT=0 -DCMAKE_INSTALL_PREFIX=/home/shady/Documents/unige-robotics-msc/rt1/ros2_ws/install/robot_description
