[0.499s] Invoking command in '/home/shady/Documents/unige-robotics-msc/rt1/ros2_ws/build/ros2_cpp_examples': CMAKE_PREFIX_PATH=${CMAKE_PREFIX_PATH}:/home/shady/Documents/unige-robotics-msc/rt1/ros2_ws/install/ros2_python_examples:/home/shady/Documents/unige-robotics-msc/rt1/ros2_ws/install/my_robot_controller:/opt/ros/humble /usr/bin/cmake /home/shady/Documents/unige-robotics-msc/rt1/ros2_ws/src/ros2_cpp_examples -DCMAKE_INSTALL_PREFIX=/home/shady/Documents/unige-robotics-msc/rt1/ros2_ws/install/ros2_cpp_examples
[0.741s] -- Found ament_cmake: 1.3.11 (/opt/ros/humble/share/ament_cmake/cmake)
[1.314s] -- Override CMake install command with custom implementation using symlinks instead of copying resources
[1.956s] -- Found rclcpp: 16.0.11 (/opt/ros/humble/share/rclcpp/cmake)
[2.561s] -- Found rosidl_generator_c: 3.1.6 (/opt/ros/humble/share/rosidl_generator_c/cmake)
[2.727s] -- Found rosidl_adapter: 3.1.6 (/opt/ros/humble/share/rosidl_adapter/cmake)
[2.805s] -- Found rosidl_generator_cpp: 3.1.6 (/opt/ros/humble/share/rosidl_generator_cpp/cmake)
[2.917s] -- Using all available rosidl_typesupport_c: rosidl_typesupport_fastrtps_c;rosidl_typesupport_introspection_c
[2.959s] -- Using all available rosidl_typesupport_cpp: rosidl_typesupport_fastrtps_cpp;rosidl_typesupport_introspection_cpp
[3.157s] -- Found rmw_implementation_cmake: 6.1.2 (/opt/ros/humble/share/rmw_implementation_cmake/cmake)
[3.177s] -- Found rmw_fastrtps_cpp: 6.2.7 (/opt/ros/humble/share/rmw_fastrtps_cpp/cmake)
[3.521s] -- Using RMW implementation 'rmw_fastrtps_cpp' as default
[3.900s] -- Found example_interfaces: 0.9.3 (/opt/ros/humble/share/example_interfaces/cmake)
[4.059s] -- Found ament_lint_auto: 0.12.11 (/opt/ros/humble/share/ament_lint_auto/cmake)
[4.335s] -- Added test 'cppcheck' to perform static code analysis on C / C++ code
[4.335s] -- Configured cppcheck include dirs: 
[4.336s] -- Configured cppcheck exclude dirs and/or files: 
[4.383s] -- Added test 'lint_cmake' to check CMake code style
[4.394s] -- Added test 'uncrustify' to check C / C++ code style
[4.395s] -- Configured uncrustify additional arguments: 
[4.398s] -- Added test 'xmllint' to check XML markup files
[4.416s] -- Configuring done
[4.624s] -- Generating done
[4.640s] -- Build files have been written to: /home/shady/Documents/unige-robotics-msc/rt1/ros2_ws/build/ros2_cpp_examples
