[35m[1mConsolidate compiler generated dependencies of target server[0m
[35m[1mConsolidate compiler generated dependencies of target client[0m
[ 25%] Built target listener
[ 50%] Built target talker
[ 75%] Built target server
[100%] Built target client
-- Install configuration: ""
-- Execute custom install script
-- Up-to-date symlink: /home/shady/Documents/unige-robotics-msc/rt1/ros2_ws/install/ros2_cpp_examples/lib/ros2_cpp_examples/talker
-- Up-to-date symlink: /home/shady/Documents/unige-robotics-msc/rt1/ros2_ws/install/ros2_cpp_examples/lib/ros2_cpp_examples/listener
-- Up-to-date symlink: /home/shady/Documents/unige-robotics-msc/rt1/ros2_ws/install/ros2_cpp_examples/lib/ros2_cpp_examples/server
-- Up-to-date symlink: /home/shady/Documents/unige-robotics-msc/rt1/ros2_ws/install/ros2_cpp_examples/lib/ros2_cpp_examples/client
-- Up-to-date symlink: /home/shady/Documents/unige-robotics-msc/rt1/ros2_ws/install/ros2_cpp_examples/share/ament_index/resource_index/package_run_dependencies/ros2_cpp_examples
-- Up-to-date symlink: /home/shady/Documents/unige-robotics-msc/rt1/ros2_ws/install/ros2_cpp_examples/share/ament_index/resource_index/parent_prefix_path/ros2_cpp_examples
-- Up-to-date symlink: /home/shady/Documents/unige-robotics-msc/rt1/ros2_ws/install/ros2_cpp_examples/share/ros2_cpp_examples/environment/ament_prefix_path.sh
-- Up-to-date symlink: /home/shady/Documents/unige-robotics-msc/rt1/ros2_ws/install/ros2_cpp_examples/share/ros2_cpp_examples/environment/ament_prefix_path.dsv
-- Up-to-date symlink: /home/shady/Documents/unige-robotics-msc/rt1/ros2_ws/install/ros2_cpp_examples/share/ros2_cpp_examples/environment/path.sh
-- Up-to-date symlink: /home/shady/Documents/unige-robotics-msc/rt1/ros2_ws/install/ros2_cpp_examples/share/ros2_cpp_examples/environment/path.dsv
-- Up-to-date symlink: /home/shady/Documents/unige-robotics-msc/rt1/ros2_ws/install/ros2_cpp_examples/share/ros2_cpp_examples/local_setup.bash
-- Up-to-date symlink: /home/shady/Documents/unige-robotics-msc/rt1/ros2_ws/install/ros2_cpp_examples/share/ros2_cpp_examples/local_setup.sh
-- Up-to-date symlink: /home/shady/Documents/unige-robotics-msc/rt1/ros2_ws/install/ros2_cpp_examples/share/ros2_cpp_examples/local_setup.zsh
-- Up-to-date symlink: /home/shady/Documents/unige-robotics-msc/rt1/ros2_ws/install/ros2_cpp_examples/share/ros2_cpp_examples/local_setup.dsv
-- Symlinking: /home/shady/Documents/unige-robotics-msc/rt1/ros2_ws/install/ros2_cpp_examples/share/ros2_cpp_examples/package.dsv
-- Up-to-date symlink: /home/shady/Documents/unige-robotics-msc/rt1/ros2_ws/install/ros2_cpp_examples/share/ament_index/resource_index/packages/ros2_cpp_examples
-- Up-to-date symlink: /home/shady/Documents/unige-robotics-msc/rt1/ros2_ws/install/ros2_cpp_examples/share/ros2_cpp_examples/cmake/ros2_cpp_examplesConfig.cmake
-- Up-to-date symlink: /home/shady/Documents/unige-robotics-msc/rt1/ros2_ws/install/ros2_cpp_examples/share/ros2_cpp_examples/cmake/ros2_cpp_examplesConfig-version.cmake
-- Up-to-date symlink: /home/shady/Documents/unige-robotics-msc/rt1/ros2_ws/install/ros2_cpp_examples/share/ros2_cpp_examples/package.xml
