[0.398s] Invoking command in '/home/shady/Documents/unige-robotics-msc/rt1/ros2_ws/build/ros2_cpp_examples': CMAKE_PREFIX_PATH=${CMAKE_PREFIX_PATH}:/home/shady/Documents/unige-robotics-msc/rt1/ros2_ws/install/my_robot_controller:/opt/ros/humble /usr/bin/cmake --build /home/shady/Documents/unige-robotics-msc/rt1/ros2_ws/build/ros2_cpp_examples -- -j8 -l8
[0.449s] [35m[1mConsolidate compiler generated dependencies of target server[0m
[0.453s] [35m[1mConsolidate compiler generated dependencies of target client[0m
[0.471s] [ 25%] Built target listener
[0.472s] [ 50%] Built target talker
[0.472s] [ 75%] Built target server
[0.479s] [100%] Built target client
[0.745s] Invoked command in '/home/shady/Documents/unige-robotics-msc/rt1/ros2_ws/build/ros2_cpp_examples' returned '0': CMAKE_PREFIX_PATH=${CMAKE_PREFIX_PATH}:/home/shady/Documents/unige-robotics-msc/rt1/ros2_ws/install/my_robot_controller:/opt/ros/humble /usr/bin/cmake --build /home/shady/Documents/unige-robotics-msc/rt1/ros2_ws/build/ros2_cpp_examples -- -j8 -l8
[0.758s] Invoking command in '/home/shady/Documents/unige-robotics-msc/rt1/ros2_ws/build/ros2_cpp_examples': CMAKE_PREFIX_PATH=${CMAKE_PREFIX_PATH}:/home/shady/Documents/unige-robotics-msc/rt1/ros2_ws/install/my_robot_controller:/opt/ros/humble /usr/bin/cmake --install /home/shady/Documents/unige-robotics-msc/rt1/ros2_ws/build/ros2_cpp_examples
[0.767s] -- Install configuration: ""
[0.768s] -- Execute custom install script
[0.768s] -- Up-to-date symlink: /home/shady/Documents/unige-robotics-msc/rt1/ros2_ws/install/ros2_cpp_examples/lib/ros2_cpp_examples/talker
[0.768s] -- Up-to-date symlink: /home/shady/Documents/unige-robotics-msc/rt1/ros2_ws/install/ros2_cpp_examples/lib/ros2_cpp_examples/listener
[0.769s] -- Up-to-date symlink: /home/shady/Documents/unige-robotics-msc/rt1/ros2_ws/install/ros2_cpp_examples/lib/ros2_cpp_examples/server
[0.769s] -- Up-to-date symlink: /home/shady/Documents/unige-robotics-msc/rt1/ros2_ws/install/ros2_cpp_examples/lib/ros2_cpp_examples/client
[0.769s] -- Up-to-date symlink: /home/shady/Documents/unige-robotics-msc/rt1/ros2_ws/install/ros2_cpp_examples/share/ament_index/resource_index/package_run_dependencies/ros2_cpp_examples
[0.769s] -- Up-to-date symlink: /home/shady/Documents/unige-robotics-msc/rt1/ros2_ws/install/ros2_cpp_examples/share/ament_index/resource_index/parent_prefix_path/ros2_cpp_examples
[0.769s] -- Up-to-date symlink: /home/shady/Documents/unige-robotics-msc/rt1/ros2_ws/install/ros2_cpp_examples/share/ros2_cpp_examples/environment/ament_prefix_path.sh
[0.770s] -- Up-to-date symlink: /home/shady/Documents/unige-robotics-msc/rt1/ros2_ws/install/ros2_cpp_examples/share/ros2_cpp_examples/environment/ament_prefix_path.dsv
[0.770s] -- Up-to-date symlink: /home/shady/Documents/unige-robotics-msc/rt1/ros2_ws/install/ros2_cpp_examples/share/ros2_cpp_examples/environment/path.sh
[0.770s] -- Up-to-date symlink: /home/shady/Documents/unige-robotics-msc/rt1/ros2_ws/install/ros2_cpp_examples/share/ros2_cpp_examples/environment/path.dsv
[0.770s] -- Up-to-date symlink: /home/shady/Documents/unige-robotics-msc/rt1/ros2_ws/install/ros2_cpp_examples/share/ros2_cpp_examples/local_setup.bash
[0.770s] -- Up-to-date symlink: /home/shady/Documents/unige-robotics-msc/rt1/ros2_ws/install/ros2_cpp_examples/share/ros2_cpp_examples/local_setup.sh
[0.771s] -- Up-to-date symlink: /home/shady/Documents/unige-robotics-msc/rt1/ros2_ws/install/ros2_cpp_examples/share/ros2_cpp_examples/local_setup.zsh
[0.771s] -- Up-to-date symlink: /home/shady/Documents/unige-robotics-msc/rt1/ros2_ws/install/ros2_cpp_examples/share/ros2_cpp_examples/local_setup.dsv
[0.771s] -- Symlinking: /home/shady/Documents/unige-robotics-msc/rt1/ros2_ws/install/ros2_cpp_examples/share/ros2_cpp_examples/package.dsv
[0.781s] -- Up-to-date symlink: /home/shady/Documents/unige-robotics-msc/rt1/ros2_ws/install/ros2_cpp_examples/share/ament_index/resource_index/packages/ros2_cpp_examples
[0.781s] -- Up-to-date symlink: /home/shady/Documents/unige-robotics-msc/rt1/ros2_ws/install/ros2_cpp_examples/share/ros2_cpp_examples/cmake/ros2_cpp_examplesConfig.cmake
[0.781s] -- Up-to-date symlink: /home/shady/Documents/unige-robotics-msc/rt1/ros2_ws/install/ros2_cpp_examples/share/ros2_cpp_examples/cmake/ros2_cpp_examplesConfig-version.cmake
[0.781s] -- Up-to-date symlink: /home/shady/Documents/unige-robotics-msc/rt1/ros2_ws/install/ros2_cpp_examples/share/ros2_cpp_examples/package.xml
[0.784s] Invoked command in '/home/shady/Documents/unige-robotics-msc/rt1/ros2_ws/build/ros2_cpp_examples' returned '0': CMAKE_PREFIX_PATH=${CMAKE_PREFIX_PATH}:/home/shady/Documents/unige-robotics-msc/rt1/ros2_ws/install/my_robot_controller:/opt/ros/humble /usr/bin/cmake --install /home/shady/Documents/unige-robotics-msc/rt1/ros2_ws/build/ros2_cpp_examples
