[0.357s] Invoking command in '/home/shady/Documents/unige-robotics-msc/rt1/ros2_ws/build/ros2_cpp_examples': CMAKE_PREFIX_PATH=/home/shady/Documents/unige-robotics-msc/rt1/ros2_ws/install/my_robot_controller:/opt/ros/humble /usr/bin/cmake /home/shady/Documents/unige-robotics-msc/rt1/ros2_ws/src/ros2_cpp_examples -DAMENT_CMAKE_SYMLINK_INSTALL=1 -DCMAKE_INSTALL_PREFIX=/home/shady/Documents/unige-robotics-msc/rt1/ros2_ws/install/ros2_cpp_examples
[2.116s] -- The C compiler identification is GNU 11.4.0
[2.735s] -- The CXX compiler identification is GNU 11.4.0
[2.788s] -- Detecting C compiler ABI info
[3.048s] -- Detecting C compiler ABI info - done
[3.062s] -- Check for working C compiler: /usr/bin/cc - skipped
[3.062s] -- Detecting C compile features
[3.093s] -- Detecting C compile features - done
[3.105s] -- Detecting CXX compiler ABI info
[3.321s] -- Detecting CXX compiler ABI info - done
[3.332s] -- Check for working CXX compiler: /usr/bin/c++ - skipped
[3.333s] -- Detecting CXX compile features
[3.333s] -- Detecting CXX compile features - done
[3.434s] -- Found ament_cmake: 1.3.11 (/opt/ros/humble/share/ament_cmake/cmake)
[3.806s] -- Found Python3: /usr/bin/python3 (found version "3.10.12") found components: Interpreter 
[3.940s] -- Override CMake install command with custom implementation using symlinks instead of copying resources
[4.174s] -- Found rclcpp: 16.0.11 (/opt/ros/humble/share/rclcpp/cmake)
[4.500s] -- Found rosidl_generator_c: 3.1.6 (/opt/ros/humble/share/rosidl_generator_c/cmake)
[4.551s] -- Found rosidl_adapter: 3.1.6 (/opt/ros/humble/share/rosidl_adapter/cmake)
[4.620s] -- Found rosidl_generator_cpp: 3.1.6 (/opt/ros/humble/share/rosidl_generator_cpp/cmake)
[4.693s] -- Using all available rosidl_typesupport_c: rosidl_typesupport_fastrtps_c;rosidl_typesupport_introspection_c
[4.734s] -- Using all available rosidl_typesupport_cpp: rosidl_typesupport_fastrtps_cpp;rosidl_typesupport_introspection_cpp
[4.899s] -- Found rmw_implementation_cmake: 6.1.2 (/opt/ros/humble/share/rmw_implementation_cmake/cmake)
[4.917s] -- Found rmw_fastrtps_cpp: 6.2.7 (/opt/ros/humble/share/rmw_fastrtps_cpp/cmake)
[5.341s] -- Found OpenSSL: /usr/lib/x86_64-linux-gnu/libcrypto.so (found version "3.0.2")  
[5.411s] -- Found FastRTPS: /opt/ros/humble/include  
[5.457s] -- Using RMW implementation 'rmw_fastrtps_cpp' as default
[5.549s] -- Looking for pthread.h
[5.737s] -- Looking for pthread.h - found
[5.738s] -- Performing Test CMAKE_HAVE_LIBC_PTHREAD
[5.864s] -- Performing Test CMAKE_HAVE_LIBC_PTHREAD - Success
[5.866s] -- Found Threads: TRUE  
[6.122s] -- Found ament_lint_auto: 0.12.11 (/opt/ros/humble/share/ament_lint_auto/cmake)
[6.286s] -- Added test 'cppcheck' to perform static code analysis on C / C++ code
[6.287s] -- Configured cppcheck include dirs: 
[6.287s] -- Configured cppcheck exclude dirs and/or files: 
[6.288s] -- Added test 'lint_cmake' to check CMake code style
[6.291s] -- Added test 'uncrustify' to check C / C++ code style
[6.291s] -- Configured uncrustify additional arguments: 
[6.292s] -- Added test 'xmllint' to check XML markup files
[6.295s] -- Configuring done
[6.312s] -- Generating done
[6.319s] -- Build files have been written to: /home/shady/Documents/unige-robotics-msc/rt1/ros2_ws/build/ros2_cpp_examples
[6.331s] Invoked command in '/home/shady/Documents/unige-robotics-msc/rt1/ros2_ws/build/ros2_cpp_examples' returned '0': CMAKE_PREFIX_PATH=/home/shady/Documents/unige-robotics-msc/rt1/ros2_ws/install/my_robot_controller:/opt/ros/humble /usr/bin/cmake /home/shady/Documents/unige-robotics-msc/rt1/ros2_ws/src/ros2_cpp_examples -DAMENT_CMAKE_SYMLINK_INSTALL=1 -DCMAKE_INSTALL_PREFIX=/home/shady/Documents/unige-robotics-msc/rt1/ros2_ws/install/ros2_cpp_examples
[6.335s] Invoking command in '/home/shady/Documents/unige-robotics-msc/rt1/ros2_ws/build/ros2_cpp_examples': CMAKE_PREFIX_PATH=/home/shady/Documents/unige-robotics-msc/rt1/ros2_ws/install/my_robot_controller:/opt/ros/humble /usr/bin/cmake --build /home/shady/Documents/unige-robotics-msc/rt1/ros2_ws/build/ros2_cpp_examples -- -j8 -l8
[6.401s] [ 50%] [32mBuilding CXX object CMakeFiles/talker.dir/src/publisher.cpp.o[0m
[6.401s] [ 50%] [32mBuilding CXX object CMakeFiles/listener.dir/src/subscriber.cpp.o[0m
[12.500s] [ 75%] [32m[1mLinking CXX executable talker[0m
[13.300s] [ 75%] Built target talker
[17.000s] [100%] [32m[1mLinking CXX executable listener[0m
[17.468s] [100%] Built target listener
[17.481s] Invoked command in '/home/shady/Documents/unige-robotics-msc/rt1/ros2_ws/build/ros2_cpp_examples' returned '0': CMAKE_PREFIX_PATH=/home/shady/Documents/unige-robotics-msc/rt1/ros2_ws/install/my_robot_controller:/opt/ros/humble /usr/bin/cmake --build /home/shady/Documents/unige-robotics-msc/rt1/ros2_ws/build/ros2_cpp_examples -- -j8 -l8
[17.549s] Invoking command in '/home/shady/Documents/unige-robotics-msc/rt1/ros2_ws/build/ros2_cpp_examples': CMAKE_PREFIX_PATH=/home/shady/Documents/unige-robotics-msc/rt1/ros2_ws/install/my_robot_controller:/opt/ros/humble /usr/bin/cmake --install /home/shady/Documents/unige-robotics-msc/rt1/ros2_ws/build/ros2_cpp_examples
[17.560s] -- Install configuration: ""
[17.561s] -- Execute custom install script
[17.561s] -- Symlinking: /home/shady/Documents/unige-robotics-msc/rt1/ros2_ws/install/ros2_cpp_examples/lib/ros2_cpp_examples/talker
[17.573s] -- Symlinking: /home/shady/Documents/unige-robotics-msc/rt1/ros2_ws/install/ros2_cpp_examples/lib/ros2_cpp_examples/listener
[17.585s] -- Symlinking: /home/shady/Documents/unige-robotics-msc/rt1/ros2_ws/install/ros2_cpp_examples/share/ament_index/resource_index/package_run_dependencies/ros2_cpp_examples
[17.597s] -- Symlinking: /home/shady/Documents/unige-robotics-msc/rt1/ros2_ws/install/ros2_cpp_examples/share/ament_index/resource_index/parent_prefix_path/ros2_cpp_examples
[17.607s] -- Symlinking: /home/shady/Documents/unige-robotics-msc/rt1/ros2_ws/install/ros2_cpp_examples/share/ros2_cpp_examples/environment/ament_prefix_path.sh
[17.617s] -- Symlinking: /home/shady/Documents/unige-robotics-msc/rt1/ros2_ws/install/ros2_cpp_examples/share/ros2_cpp_examples/environment/ament_prefix_path.dsv
[17.626s] -- Symlinking: /home/shady/Documents/unige-robotics-msc/rt1/ros2_ws/install/ros2_cpp_examples/share/ros2_cpp_examples/environment/path.sh
[17.635s] -- Symlinking: /home/shady/Documents/unige-robotics-msc/rt1/ros2_ws/install/ros2_cpp_examples/share/ros2_cpp_examples/environment/path.dsv
[17.647s] -- Symlinking: /home/shady/Documents/unige-robotics-msc/rt1/ros2_ws/install/ros2_cpp_examples/share/ros2_cpp_examples/local_setup.bash
[17.662s] -- Symlinking: /home/shady/Documents/unige-robotics-msc/rt1/ros2_ws/install/ros2_cpp_examples/share/ros2_cpp_examples/local_setup.sh
[17.673s] -- Symlinking: /home/shady/Documents/unige-robotics-msc/rt1/ros2_ws/install/ros2_cpp_examples/share/ros2_cpp_examples/local_setup.zsh
[17.683s] -- Symlinking: /home/shady/Documents/unige-robotics-msc/rt1/ros2_ws/install/ros2_cpp_examples/share/ros2_cpp_examples/local_setup.dsv
[17.693s] -- Symlinking: /home/shady/Documents/unige-robotics-msc/rt1/ros2_ws/install/ros2_cpp_examples/share/ros2_cpp_examples/package.dsv
[17.704s] -- Symlinking: /home/shady/Documents/unige-robotics-msc/rt1/ros2_ws/install/ros2_cpp_examples/share/ament_index/resource_index/packages/ros2_cpp_examples
[17.715s] -- Symlinking: /home/shady/Documents/unige-robotics-msc/rt1/ros2_ws/install/ros2_cpp_examples/share/ros2_cpp_examples/cmake/ros2_cpp_examplesConfig.cmake
[17.726s] -- Symlinking: /home/shady/Documents/unige-robotics-msc/rt1/ros2_ws/install/ros2_cpp_examples/share/ros2_cpp_examples/cmake/ros2_cpp_examplesConfig-version.cmake
[17.735s] -- Symlinking: /home/shady/Documents/unige-robotics-msc/rt1/ros2_ws/install/ros2_cpp_examples/share/ros2_cpp_examples/package.xml
[17.749s] Invoked command in '/home/shady/Documents/unige-robotics-msc/rt1/ros2_ws/build/ros2_cpp_examples' returned '0': CMAKE_PREFIX_PATH=/home/shady/Documents/unige-robotics-msc/rt1/ros2_ws/install/my_robot_controller:/opt/ros/humble /usr/bin/cmake --install /home/shady/Documents/unige-robotics-msc/rt1/ros2_ws/build/ros2_cpp_examples
