[0.547s] DEBUG:colcon:Command line arguments: ['/usr/bin/colcon', 'build']
[0.547s] DEBUG:colcon:Parsed command line arguments: Namespace(log_base=None, log_level=None, verb_name='build', build_base='build', install_base='install', merge_install=False, symlink_install=False, test_result_base=None, continue_on_error=False, executor='parallel', parallel_workers=8, event_handlers=None, ignore_user_meta=False, metas=['./colcon.meta'], base_paths=['.'], packages_ignore=None, packages_ignore_regex=None, paths=None, packages_up_to=None, packages_up_to_regex=None, packages_above=None, packages_above_and_dependencies=None, packages_above_depth=None, packages_select_by_dep=None, packages_skip_by_dep=None, packages_skip_up_to=None, packages_select_build_failed=False, packages_skip_build_finished=False, packages_select_test_failures=False, packages_skip_test_passed=False, packages_select=None, packages_skip=None, packages_select_regex=None, packages_skip_regex=None, packages_start=None, packages_end=None, allow_overriding=[], cmake_args=None, cmake_target=None, cmake_target_skip_unavailable=False, cmake_clean_cache=False, cmake_clean_first=False, cmake_force_configure=False, ament_cmake_args=None, catkin_cmake_args=None, catkin_skip_building_tests=False, mixin_files=None, mixin=None, verb_parser=<colcon_mixin.mixin.mixin_argument.MixinArgumentDecorator object at 0x791c0f541cf0>, verb_extension=<colcon_core.verb.build.BuildVerb object at 0x791c0f5417b0>, main=<bound method BuildVerb.main of <colcon_core.verb.build.BuildVerb object at 0x791c0f5417b0>>, mixin_verb=('build',))
[3.804s] Level 1:colcon.colcon_core.package_discovery:discover_packages(colcon_meta) check parameters
[3.804s] Level 1:colcon.colcon_core.package_discovery:discover_packages(recursive) check parameters
[3.804s] Level 1:colcon.colcon_core.package_discovery:discover_packages(ignore) check parameters
[3.804s] Level 1:colcon.colcon_core.package_discovery:discover_packages(path) check parameters
[3.805s] Level 1:colcon.colcon_core.package_discovery:discover_packages(colcon_meta) discover
[3.805s] Level 1:colcon.colcon_core.package_discovery:discover_packages(recursive) discover
[3.805s] INFO:colcon.colcon_core.package_discovery:Crawling recursively for packages in '/home/shady/Documents/unige-robotics-msc/rt1/ros2_ws'
[3.805s] Level 1:colcon.colcon_core.package_identification:_identify(.) by extensions ['ignore', 'ignore_ament_install']
[3.805s] Level 1:colcon.colcon_core.package_identification:_identify(.) by extension 'ignore'
[3.805s] Level 1:colcon.colcon_core.package_identification:_identify(.) by extension 'ignore_ament_install'
[3.805s] Level 1:colcon.colcon_core.package_identification:_identify(.) by extensions ['colcon_pkg']
[3.805s] Level 1:colcon.colcon_core.package_identification:_identify(.) by extension 'colcon_pkg'
[3.805s] Level 1:colcon.colcon_core.package_identification:_identify(.) by extensions ['colcon_meta']
[3.805s] Level 1:colcon.colcon_core.package_identification:_identify(.) by extension 'colcon_meta'
[3.805s] Level 1:colcon.colcon_core.package_identification:_identify(.) by extensions ['ros']
[3.806s] Level 1:colcon.colcon_core.package_identification:_identify(.) by extension 'ros'
[3.925s] Level 1:colcon.colcon_core.package_identification:_identify(.) by extensions ['cmake', 'python']
[3.925s] Level 1:colcon.colcon_core.package_identification:_identify(.) by extension 'cmake'
[3.925s] Level 1:colcon.colcon_core.package_identification:_identify(.) by extension 'python'
[3.926s] Level 1:colcon.colcon_core.package_identification:_identify(.) by extensions ['python_setup_py']
[3.926s] Level 1:colcon.colcon_core.package_identification:_identify(.) by extension 'python_setup_py'
[3.926s] Level 1:colcon.colcon_core.package_identification:_identify(build) by extensions ['ignore', 'ignore_ament_install']
[3.926s] Level 1:colcon.colcon_core.package_identification:_identify(build) by extension 'ignore'
[3.926s] Level 1:colcon.colcon_core.package_identification:_identify(build) ignored
[3.927s] Level 1:colcon.colcon_core.package_identification:_identify(install) by extensions ['ignore', 'ignore_ament_install']
[3.927s] Level 1:colcon.colcon_core.package_identification:_identify(install) by extension 'ignore'
[3.927s] Level 1:colcon.colcon_core.package_identification:_identify(install) ignored
[3.927s] Level 1:colcon.colcon_core.package_identification:_identify(log) by extensions ['ignore', 'ignore_ament_install']
[3.928s] Level 1:colcon.colcon_core.package_identification:_identify(log) by extension 'ignore'
[3.928s] Level 1:colcon.colcon_core.package_identification:_identify(log) ignored
[3.928s] Level 1:colcon.colcon_core.package_identification:_identify(src) by extensions ['ignore', 'ignore_ament_install']
[3.928s] Level 1:colcon.colcon_core.package_identification:_identify(src) by extension 'ignore'
[3.928s] Level 1:colcon.colcon_core.package_identification:_identify(src) by extension 'ignore_ament_install'
[3.929s] Level 1:colcon.colcon_core.package_identification:_identify(src) by extensions ['colcon_pkg']
[3.929s] Level 1:colcon.colcon_core.package_identification:_identify(src) by extension 'colcon_pkg'
[3.929s] Level 1:colcon.colcon_core.package_identification:_identify(src) by extensions ['colcon_meta']
[3.929s] Level 1:colcon.colcon_core.package_identification:_identify(src) by extension 'colcon_meta'
[3.929s] Level 1:colcon.colcon_core.package_identification:_identify(src) by extensions ['ros']
[3.929s] Level 1:colcon.colcon_core.package_identification:_identify(src) by extension 'ros'
[3.929s] Level 1:colcon.colcon_core.package_identification:_identify(src) by extensions ['cmake', 'python']
[3.930s] Level 1:colcon.colcon_core.package_identification:_identify(src) by extension 'cmake'
[3.930s] Level 1:colcon.colcon_core.package_identification:_identify(src) by extension 'python'
[3.930s] Level 1:colcon.colcon_core.package_identification:_identify(src) by extensions ['python_setup_py']
[3.930s] Level 1:colcon.colcon_core.package_identification:_identify(src) by extension 'python_setup_py'
[3.930s] Level 1:colcon.colcon_core.package_identification:_identify(src/my_robot_controller) by extensions ['ignore', 'ignore_ament_install']
[3.930s] Level 1:colcon.colcon_core.package_identification:_identify(src/my_robot_controller) by extension 'ignore'
[3.931s] Level 1:colcon.colcon_core.package_identification:_identify(src/my_robot_controller) by extension 'ignore_ament_install'
[3.931s] Level 1:colcon.colcon_core.package_identification:_identify(src/my_robot_controller) by extensions ['colcon_pkg']
[3.931s] Level 1:colcon.colcon_core.package_identification:_identify(src/my_robot_controller) by extension 'colcon_pkg'
[3.931s] Level 1:colcon.colcon_core.package_identification:_identify(src/my_robot_controller) by extensions ['colcon_meta']
[3.931s] Level 1:colcon.colcon_core.package_identification:_identify(src/my_robot_controller) by extension 'colcon_meta'
[3.931s] Level 1:colcon.colcon_core.package_identification:_identify(src/my_robot_controller) by extensions ['ros']
[3.931s] Level 1:colcon.colcon_core.package_identification:_identify(src/my_robot_controller) by extension 'ros'
[3.945s] DEBUG:colcon.colcon_core.package_identification:Package 'src/my_robot_controller' with type 'ros.ament_python' and name 'my_robot_controller'
[3.945s] Level 1:colcon.colcon_core.package_discovery:discover_packages(recursive) using defaults
[3.945s] Level 1:colcon.colcon_core.package_discovery:discover_packages(ignore) discover
[3.945s] Level 1:colcon.colcon_core.package_discovery:discover_packages(ignore) using defaults
[3.945s] Level 1:colcon.colcon_core.package_discovery:discover_packages(path) discover
[3.945s] Level 1:colcon.colcon_core.package_discovery:discover_packages(path) using defaults
[4.140s] Level 1:colcon.colcon_core.package_discovery:discover_packages(prefix_path) check parameters
[4.140s] Level 1:colcon.colcon_core.package_discovery:discover_packages(prefix_path) discover
[4.145s] DEBUG:colcon.colcon_installed_package_information.package_discovery:Found 0 installed packages in /home/shady/Documents/unige-robotics-msc/rt1/ros2_ws/install
[4.147s] DEBUG:colcon.colcon_installed_package_information.package_discovery:Found 270 installed packages in /opt/ros/humble
[4.162s] Level 1:colcon.colcon_core.package_discovery:discover_packages(prefix_path) using defaults
[4.870s] Level 5:colcon.colcon_core.verb:set package 'my_robot_controller' build argument 'cmake_args' from command line to 'None'
[4.870s] Level 5:colcon.colcon_core.verb:set package 'my_robot_controller' build argument 'cmake_target' from command line to 'None'
[4.870s] Level 5:colcon.colcon_core.verb:set package 'my_robot_controller' build argument 'cmake_target_skip_unavailable' from command line to 'False'
[4.870s] Level 5:colcon.colcon_core.verb:set package 'my_robot_controller' build argument 'cmake_clean_cache' from command line to 'False'
[4.870s] Level 5:colcon.colcon_core.verb:set package 'my_robot_controller' build argument 'cmake_clean_first' from command line to 'False'
[4.870s] Level 5:colcon.colcon_core.verb:set package 'my_robot_controller' build argument 'cmake_force_configure' from command line to 'False'
[4.870s] Level 5:colcon.colcon_core.verb:set package 'my_robot_controller' build argument 'ament_cmake_args' from command line to 'None'
[4.870s] Level 5:colcon.colcon_core.verb:set package 'my_robot_controller' build argument 'catkin_cmake_args' from command line to 'None'
[4.871s] Level 5:colcon.colcon_core.verb:set package 'my_robot_controller' build argument 'catkin_skip_building_tests' from command line to 'False'
[4.871s] DEBUG:colcon.colcon_core.verb:Building package 'my_robot_controller' with the following arguments: {'ament_cmake_args': None, 'build_base': '/home/shady/Documents/unige-robotics-msc/rt1/ros2_ws/build/my_robot_controller', 'catkin_cmake_args': None, 'catkin_skip_building_tests': False, 'cmake_args': None, 'cmake_clean_cache': False, 'cmake_clean_first': False, 'cmake_force_configure': False, 'cmake_target': None, 'cmake_target_skip_unavailable': False, 'install_base': '/home/shady/Documents/unige-robotics-msc/rt1/ros2_ws/install/my_robot_controller', 'merge_install': False, 'path': '/home/shady/Documents/unige-robotics-msc/rt1/ros2_ws/src/my_robot_controller', 'symlink_install': False, 'test_result_base': None}
[4.871s] INFO:colcon.colcon_core.executor:Executing jobs using 'parallel' executor
[4.872s] DEBUG:colcon.colcon_parallel_executor.executor.parallel:run_until_complete
[4.873s] INFO:colcon.colcon_ros.task.ament_python.build:Building ROS package in '/home/shady/Documents/unige-robotics-msc/rt1/ros2_ws/src/my_robot_controller' with build type 'ament_python'
[4.873s] Level 1:colcon.colcon_core.shell:create_environment_hook('my_robot_controller', 'ament_prefix_path')
[4.895s] INFO:colcon.colcon_core.plugin_system:Skipping extension 'colcon_core.shell.bat': Not used on non-Windows systems
[4.895s] INFO:colcon.colcon_core.shell:Creating environment hook '/home/shady/Documents/unige-robotics-msc/rt1/ros2_ws/install/my_robot_controller/share/my_robot_controller/hook/ament_prefix_path.ps1'
[4.896s] INFO:colcon.colcon_core.shell:Creating environment descriptor '/home/shady/Documents/unige-robotics-msc/rt1/ros2_ws/install/my_robot_controller/share/my_robot_controller/hook/ament_prefix_path.dsv'
[4.905s] INFO:colcon.colcon_core.shell:Creating environment hook '/home/shady/Documents/unige-robotics-msc/rt1/ros2_ws/install/my_robot_controller/share/my_robot_controller/hook/ament_prefix_path.sh'
[4.907s] INFO:colcon.colcon_core.shell:Skip shell extension 'powershell' for command environment: Not usable outside of PowerShell
[4.907s] DEBUG:colcon.colcon_core.shell:Skip shell extension 'dsv' for command environment
[5.242s] INFO:colcon.colcon_core.task.python.build:Building Python package in '/home/shady/Documents/unige-robotics-msc/rt1/ros2_ws/src/my_robot_controller'
[5.242s] INFO:colcon.colcon_core.shell:Skip shell extension 'powershell' for command environment: Not usable outside of PowerShell
[5.242s] DEBUG:colcon.colcon_core.shell:Skip shell extension 'dsv' for command environment
[5.988s] DEBUG:colcon.colcon_core.event_handler.log_command:Invoking command in '/home/shady/Documents/unige-robotics-msc/rt1/ros2_ws/src/my_robot_controller': PYTHONPATH=/home/shady/Documents/unige-robotics-msc/rt1/ros2_ws/build/my_robot_controller/prefix_override:/usr/lib/python3/dist-packages/colcon_core/task/python/colcon_distutils_commands:/home/shady/Documents/unige-robotics-msc/rt1/ros2_ws/install/my_robot_controller/lib/python3.10/site-packages:${PYTHONPATH} /usr/bin/python3 -W ignore:setup.py install is deprecated -W ignore:easy_install command is deprecated setup.py egg_info --egg-base ../../build/my_robot_controller build --build-base /home/shady/Documents/unige-robotics-msc/rt1/ros2_ws/build/my_robot_controller/build install --record /home/shady/Documents/unige-robotics-msc/rt1/ros2_ws/build/my_robot_controller/install.log --single-version-externally-managed install_data
[6.380s] DEBUG:colcon.colcon_core.event_handler.log_command:Invoked command in '/home/shady/Documents/unige-robotics-msc/rt1/ros2_ws/src/my_robot_controller' returned '0': PYTHONPATH=/home/shady/Documents/unige-robotics-msc/rt1/ros2_ws/build/my_robot_controller/prefix_override:/usr/lib/python3/dist-packages/colcon_core/task/python/colcon_distutils_commands:/home/shady/Documents/unige-robotics-msc/rt1/ros2_ws/install/my_robot_controller/lib/python3.10/site-packages:${PYTHONPATH} /usr/bin/python3 -W ignore:setup.py install is deprecated -W ignore:easy_install command is deprecated setup.py egg_info --egg-base ../../build/my_robot_controller build --build-base /home/shady/Documents/unige-robotics-msc/rt1/ros2_ws/build/my_robot_controller/build install --record /home/shady/Documents/unige-robotics-msc/rt1/ros2_ws/build/my_robot_controller/install.log --single-version-externally-managed install_data
[6.400s] Level 1:colcon.colcon_core.environment:checking '/home/shady/Documents/unige-robotics-msc/rt1/ros2_ws/install/my_robot_controller' for CMake module files
[6.401s] Level 1:colcon.colcon_core.environment:checking '/home/shady/Documents/unige-robotics-msc/rt1/ros2_ws/install/my_robot_controller' for CMake config files
[6.402s] Level 1:colcon.colcon_core.environment:checking '/home/shady/Documents/unige-robotics-msc/rt1/ros2_ws/install/my_robot_controller/lib'
[6.402s] Level 1:colcon.colcon_core.environment:checking '/home/shady/Documents/unige-robotics-msc/rt1/ros2_ws/install/my_robot_controller/bin'
[6.402s] Level 1:colcon.colcon_core.environment:checking '/home/shady/Documents/unige-robotics-msc/rt1/ros2_ws/install/my_robot_controller/lib/pkgconfig/my_robot_controller.pc'
[6.402s] Level 1:colcon.colcon_core.environment:checking '/home/shady/Documents/unige-robotics-msc/rt1/ros2_ws/install/my_robot_controller/lib/python3.10/site-packages'
[6.402s] Level 1:colcon.colcon_core.shell:create_environment_hook('my_robot_controller', 'pythonpath')
[6.402s] INFO:colcon.colcon_core.shell:Creating environment hook '/home/shady/Documents/unige-robotics-msc/rt1/ros2_ws/install/my_robot_controller/share/my_robot_controller/hook/pythonpath.ps1'
[6.403s] INFO:colcon.colcon_core.shell:Creating environment descriptor '/home/shady/Documents/unige-robotics-msc/rt1/ros2_ws/install/my_robot_controller/share/my_robot_controller/hook/pythonpath.dsv'
[6.403s] INFO:colcon.colcon_core.shell:Creating environment hook '/home/shady/Documents/unige-robotics-msc/rt1/ros2_ws/install/my_robot_controller/share/my_robot_controller/hook/pythonpath.sh'
[6.404s] Level 1:colcon.colcon_core.environment:checking '/home/shady/Documents/unige-robotics-msc/rt1/ros2_ws/install/my_robot_controller/bin'
[6.404s] Level 1:colcon.colcon_core.environment:create_environment_scripts_only(my_robot_controller)
[6.404s] INFO:colcon.colcon_core.shell:Creating package script '/home/shady/Documents/unige-robotics-msc/rt1/ros2_ws/install/my_robot_controller/share/my_robot_controller/package.ps1'
[6.406s] INFO:colcon.colcon_core.shell:Creating package descriptor '/home/shady/Documents/unige-robotics-msc/rt1/ros2_ws/install/my_robot_controller/share/my_robot_controller/package.dsv'
[6.406s] INFO:colcon.colcon_core.shell:Creating package script '/home/shady/Documents/unige-robotics-msc/rt1/ros2_ws/install/my_robot_controller/share/my_robot_controller/package.sh'
[6.407s] INFO:colcon.colcon_core.shell:Creating package script '/home/shady/Documents/unige-robotics-msc/rt1/ros2_ws/install/my_robot_controller/share/my_robot_controller/package.bash'
[6.419s] INFO:colcon.colcon_core.shell:Creating package script '/home/shady/Documents/unige-robotics-msc/rt1/ros2_ws/install/my_robot_controller/share/my_robot_controller/package.zsh'
[6.420s] Level 1:colcon.colcon_core.environment:create_file_with_runtime_dependencies(/home/shady/Documents/unige-robotics-msc/rt1/ros2_ws/install/my_robot_controller/share/colcon-core/packages/my_robot_controller)
[6.421s] DEBUG:colcon.colcon_parallel_executor.executor.parallel:closing loop
[6.421s] DEBUG:colcon.colcon_parallel_executor.executor.parallel:loop closed
[6.422s] DEBUG:colcon.colcon_parallel_executor.executor.parallel:run_until_complete finished with '0'
[6.422s] DEBUG:colcon.colcon_core.event_reactor:joining thread
[6.490s] INFO:colcon.colcon_core.plugin_system:Skipping extension 'colcon_notification.desktop_notification.terminal_notifier': Not used on non-Darwin systems
[6.491s] INFO:colcon.colcon_core.plugin_system:Skipping extension 'colcon_notification.desktop_notification.win32': Not used on non-Windows systems
[6.491s] INFO:colcon.colcon_notification.desktop_notification:Sending desktop notification using 'notify2'
[6.533s] DEBUG:colcon.colcon_core.event_reactor:joined thread
[6.534s] INFO:colcon.colcon_core.shell:Creating prefix script '/home/shady/Documents/unige-robotics-msc/rt1/ros2_ws/install/local_setup.ps1'
[6.537s] INFO:colcon.colcon_core.shell:Creating prefix util module '/home/shady/Documents/unige-robotics-msc/rt1/ros2_ws/install/_local_setup_util_ps1.py'
[6.540s] INFO:colcon.colcon_core.shell:Creating prefix chain script '/home/shady/Documents/unige-robotics-msc/rt1/ros2_ws/install/setup.ps1'
[6.543s] INFO:colcon.colcon_core.shell:Creating prefix script '/home/shady/Documents/unige-robotics-msc/rt1/ros2_ws/install/local_setup.sh'
[6.544s] INFO:colcon.colcon_core.shell:Creating prefix util module '/home/shady/Documents/unige-robotics-msc/rt1/ros2_ws/install/_local_setup_util_sh.py'
[6.545s] INFO:colcon.colcon_core.shell:Creating prefix chain script '/home/shady/Documents/unige-robotics-msc/rt1/ros2_ws/install/setup.sh'
[6.546s] INFO:colcon.colcon_core.shell:Creating prefix script '/home/shady/Documents/unige-robotics-msc/rt1/ros2_ws/install/local_setup.bash'
[6.547s] INFO:colcon.colcon_core.shell:Creating prefix chain script '/home/shady/Documents/unige-robotics-msc/rt1/ros2_ws/install/setup.bash'
[6.548s] INFO:colcon.colcon_core.shell:Creating prefix script '/home/shady/Documents/unige-robotics-msc/rt1/ros2_ws/install/local_setup.zsh'
[6.549s] INFO:colcon.colcon_core.shell:Creating prefix chain script '/home/shady/Documents/unige-robotics-msc/rt1/ros2_ws/install/setup.zsh'
