[0.349s] Invoking command in '/home/shady/Documents/unige-robotics-msc/rt1/ros2_ws/build/ros2_cpp_examples': CMAKE_PREFIX_PATH=${CMAKE_PREFIX_PATH}:/home/shady/Documents/unige-robotics-msc/rt1/ros2_ws/install/my_robot_controller:/opt/ros/humble /usr/bin/cmake --build /home/shady/Documents/unige-robotics-msc/rt1/ros2_ws/build/ros2_cpp_examples -- -j8 -l8
[0.391s] -- Found ament_cmake: 1.3.11 (/opt/ros/humble/share/ament_cmake/cmake)
[0.544s] -- Override CMake install command with custom implementation using symlinks instead of copying resources
[0.554s] -- Found rclcpp: 16.0.11 (/opt/ros/humble/share/rclcpp/cmake)
[0.586s] -- Found rosidl_generator_c: 3.1.6 (/opt/ros/humble/share/rosidl_generator_c/cmake)
[0.589s] -- Found rosidl_adapter: 3.1.6 (/opt/ros/humble/share/rosidl_adapter/cmake)
[0.596s] -- Found rosidl_generator_cpp: 3.1.6 (/opt/ros/humble/share/rosidl_generator_cpp/cmake)
[0.612s] -- Using all available rosidl_typesupport_c: rosidl_typesupport_fastrtps_c;rosidl_typesupport_introspection_c
[0.628s] -- Using all available rosidl_typesupport_cpp: rosidl_typesupport_fastrtps_cpp;rosidl_typesupport_introspection_cpp
[0.666s] -- Found rmw_implementation_cmake: 6.1.2 (/opt/ros/humble/share/rmw_implementation_cmake/cmake)
[0.668s] -- Found rmw_fastrtps_cpp: 6.2.7 (/opt/ros/humble/share/rmw_fastrtps_cpp/cmake)
[0.786s] -- Using RMW implementation 'rmw_fastrtps_cpp' as default
[0.852s] [31mCMake Error at /opt/ros/humble/share/ament_cmake_target_dependencies/cmake/ament_target_dependencies.cmake:77 (message):
[0.852s]   ament_target_dependencies() the passed package name 'example_interfaces'
[0.852s]   was not found before
[0.852s] Call Stack (most recent call first):
[0.852s]   CMakeLists.txt:20 (ament_target_dependencies)
[0.852s] 
[0.852s] [0m
[0.853s] -- Configuring incomplete, errors occurred!
[0.853s] See also "/home/shady/Documents/unige-robotics-msc/rt1/ros2_ws/build/ros2_cpp_examples/CMakeFiles/CMakeOutput.log".
[0.861s] gmake: *** [Makefile:308: cmake_check_build_system] Error 1
[0.864s] Invoked command in '/home/shady/Documents/unige-robotics-msc/rt1/ros2_ws/build/ros2_cpp_examples' returned '2': CMAKE_PREFIX_PATH=${CMAKE_PREFIX_PATH}:/home/shady/Documents/unige-robotics-msc/rt1/ros2_ws/install/my_robot_controller:/opt/ros/humble /usr/bin/cmake --build /home/shady/Documents/unige-robotics-msc/rt1/ros2_ws/build/ros2_cpp_examples -- -j8 -l8
