running develop
Removing /home/shady/Documents/unige-robotics-msc/rt1/ros2_ws/install/ros2_python_examples/lib/python3.10/site-packages/ros2-python-examples.egg-link (link to .)
running egg_info
writing ../../build/ros2_python_examples/ros2_python_examples.egg-info/PKG-INFO
writing dependency_links to ../../build/ros2_python_examples/ros2_python_examples.egg-info/dependency_links.txt
writing entry points to ../../build/ros2_python_examples/ros2_python_examples.egg-info/entry_points.txt
writing requirements to ../../build/ros2_python_examples/ros2_python_examples.egg-info/requires.txt
writing top-level names to ../../build/ros2_python_examples/ros2_python_examples.egg-info/top_level.txt
reading manifest file '../../build/ros2_python_examples/ros2_python_examples.egg-info/SOURCES.txt'
writing manifest file '../../build/ros2_python_examples/ros2_python_examples.egg-info/SOURCES.txt'
running build
running build_py
creating /home/shady/Documents/unige-robotics-msc/rt1/ros2_ws/build/ros2_python_examples/build
creating /home/shady/Documents/unige-robotics-msc/rt1/ros2_ws/build/ros2_python_examples/build/lib
creating /home/shady/Documents/unige-robotics-msc/rt1/ros2_ws/build/ros2_python_examples/build/lib/ros2_python_examples
copying ros2_python_examples/__init__.py -> /home/shady/Documents/unige-robotics-msc/rt1/ros2_ws/build/ros2_python_examples/build/lib/ros2_python_examples
copying ros2_python_examples/server.py -> /home/shady/Documents/unige-robotics-msc/rt1/ros2_ws/build/ros2_python_examples/build/lib/ros2_python_examples
copying ros2_python_examples/publisher.py -> /home/shady/Documents/unige-robotics-msc/rt1/ros2_ws/build/ros2_python_examples/build/lib/ros2_python_examples
copying ros2_python_examples/subscriber.py -> /home/shady/Documents/unige-robotics-msc/rt1/ros2_ws/build/ros2_python_examples/build/lib/ros2_python_examples
copying ros2_python_examples/client.py -> /home/shady/Documents/unige-robotics-msc/rt1/ros2_ws/build/ros2_python_examples/build/lib/ros2_python_examples
running install
running install_lib
creating /home/shady/Documents/unige-robotics-msc/rt1/ros2_ws/install/ros2_python_examples/lib/python3.10/site-packages/ros2_python_examples
copying /home/shady/Documents/unige-robotics-msc/rt1/ros2_ws/build/ros2_python_examples/build/lib/ros2_python_examples/__init__.py -> /home/shady/Documents/unige-robotics-msc/rt1/ros2_ws/install/ros2_python_examples/lib/python3.10/site-packages/ros2_python_examples
copying /home/shady/Documents/unige-robotics-msc/rt1/ros2_ws/build/ros2_python_examples/build/lib/ros2_python_examples/server.py -> /home/shady/Documents/unige-robotics-msc/rt1/ros2_ws/install/ros2_python_examples/lib/python3.10/site-packages/ros2_python_examples
copying /home/shady/Documents/unige-robotics-msc/rt1/ros2_ws/build/ros2_python_examples/build/lib/ros2_python_examples/publisher.py -> /home/shady/Documents/unige-robotics-msc/rt1/ros2_ws/install/ros2_python_examples/lib/python3.10/site-packages/ros2_python_examples
copying /home/shady/Documents/unige-robotics-msc/rt1/ros2_ws/build/ros2_python_examples/build/lib/ros2_python_examples/subscriber.py -> /home/shady/Documents/unige-robotics-msc/rt1/ros2_ws/install/ros2_python_examples/lib/python3.10/site-packages/ros2_python_examples
copying /home/shady/Documents/unige-robotics-msc/rt1/ros2_ws/build/ros2_python_examples/build/lib/ros2_python_examples/client.py -> /home/shady/Documents/unige-robotics-msc/rt1/ros2_ws/install/ros2_python_examples/lib/python3.10/site-packages/ros2_python_examples
byte-compiling /home/shady/Documents/unige-robotics-msc/rt1/ros2_ws/install/ros2_python_examples/lib/python3.10/site-packages/ros2_python_examples/__init__.py to __init__.cpython-310.pyc
byte-compiling /home/shady/Documents/unige-robotics-msc/rt1/ros2_ws/install/ros2_python_examples/lib/python3.10/site-packages/ros2_python_examples/server.py to server.cpython-310.pyc
byte-compiling /home/shady/Documents/unige-robotics-msc/rt1/ros2_ws/install/ros2_python_examples/lib/python3.10/site-packages/ros2_python_examples/publisher.py to publisher.cpython-310.pyc
byte-compiling /home/shady/Documents/unige-robotics-msc/rt1/ros2_ws/install/ros2_python_examples/lib/python3.10/site-packages/ros2_python_examples/subscriber.py to subscriber.cpython-310.pyc
byte-compiling /home/shady/Documents/unige-robotics-msc/rt1/ros2_ws/install/ros2_python_examples/lib/python3.10/site-packages/ros2_python_examples/client.py to client.cpython-310.pyc
running install_data
copying resource/ros2_python_examples -> /home/shady/Documents/unige-robotics-msc/rt1/ros2_ws/install/ros2_python_examples/share/ament_index/resource_index/packages
copying package.xml -> /home/shady/Documents/unige-robotics-msc/rt1/ros2_ws/install/ros2_python_examples/share/ros2_python_examples
running install_egg_info
Copying ../../build/ros2_python_examples/ros2_python_examples.egg-info to /home/shady/Documents/unige-robotics-msc/rt1/ros2_ws/install/ros2_python_examples/lib/python3.10/site-packages/ros2_python_examples-0.0.0-py3.10.egg-info
running install_scripts
Installing client_node script to /home/shady/Documents/unige-robotics-msc/rt1/ros2_ws/install/ros2_python_examples/lib/ros2_python_examples
Installing publisher_node script to /home/shady/Documents/unige-robotics-msc/rt1/ros2_ws/install/ros2_python_examples/lib/ros2_python_examples
Installing server_node script to /home/shady/Documents/unige-robotics-msc/rt1/ros2_ws/install/ros2_python_examples/lib/ros2_python_examples
Installing subscriber_node script to /home/shady/Documents/unige-robotics-msc/rt1/ros2_ws/install/ros2_python_examples/lib/ros2_python_examples
writing list of installed files to '/home/shady/Documents/unige-robotics-msc/rt1/ros2_ws/build/ros2_python_examples/install.log'
