[2.260s] Invoking command in '/home/shady/Documents/unige-robotics-msc/rt1/ros2_ws/build/ros2_python_examples': PYTHONPATH=/home/shady/Documents/unige-robotics-msc/rt1/ros2_ws/build/ros2_python_examples/prefix_override:/usr/lib/python3/dist-packages/colcon_core/task/python/colcon_distutils_commands:/home/shady/Documents/unige-robotics-msc/rt1/ros2_ws/install/ros2_python_examples/lib/python3.10/site-packages:${PYTHONPATH} /usr/bin/python3 -W ignore:setup.py install is deprecated -W ignore:easy_install command is deprecated setup.py develop --uninstall --editable --build-directory /home/shady/Documents/unige-robotics-msc/rt1/ros2_ws/build/ros2_python_examples/build
[2.576s] running develop
[2.923s] Removing /home/shady/Documents/unige-robotics-msc/rt1/ros2_ws/install/ros2_python_examples/lib/python3.10/site-packages/ros2-python-examples.egg-link (link to .)
[2.988s] Invoked command in '/home/shady/Documents/unige-robotics-msc/rt1/ros2_ws/build/ros2_python_examples' returned '0': PYTHONPATH=/home/shady/Documents/unige-robotics-msc/rt1/ros2_ws/build/ros2_python_examples/prefix_override:/usr/lib/python3/dist-packages/colcon_core/task/python/colcon_distutils_commands:/home/shady/Documents/unige-robotics-msc/rt1/ros2_ws/install/ros2_python_examples/lib/python3.10/site-packages:${PYTHONPATH} /usr/bin/python3 -W ignore:setup.py install is deprecated -W ignore:easy_install command is deprecated setup.py develop --uninstall --editable --build-directory /home/shady/Documents/unige-robotics-msc/rt1/ros2_ws/build/ros2_python_examples/build
[2.992s] Invoking command in '/home/shady/Documents/unige-robotics-msc/rt1/ros2_ws/src/ros2_python_examples': PYTHONPATH=/home/shady/Documents/unige-robotics-msc/rt1/ros2_ws/build/ros2_python_examples/prefix_override:/usr/lib/python3/dist-packages/colcon_core/task/python/colcon_distutils_commands:/home/shady/Documents/unige-robotics-msc/rt1/ros2_ws/install/ros2_python_examples/lib/python3.10/site-packages:${PYTHONPATH} /usr/bin/python3 -W ignore:setup.py install is deprecated -W ignore:easy_install command is deprecated setup.py egg_info --egg-base ../../build/ros2_python_examples build --build-base /home/shady/Documents/unige-robotics-msc/rt1/ros2_ws/build/ros2_python_examples/build install --record /home/shady/Documents/unige-robotics-msc/rt1/ros2_ws/build/ros2_python_examples/install.log --single-version-externally-managed install_data --force
[3.331s] running egg_info
[3.332s] writing ../../build/ros2_python_examples/ros2_python_examples.egg-info/PKG-INFO
[3.332s] writing dependency_links to ../../build/ros2_python_examples/ros2_python_examples.egg-info/dependency_links.txt
[3.333s] writing entry points to ../../build/ros2_python_examples/ros2_python_examples.egg-info/entry_points.txt
[3.333s] writing requirements to ../../build/ros2_python_examples/ros2_python_examples.egg-info/requires.txt
[3.333s] writing top-level names to ../../build/ros2_python_examples/ros2_python_examples.egg-info/top_level.txt
[3.336s] reading manifest file '../../build/ros2_python_examples/ros2_python_examples.egg-info/SOURCES.txt'
[3.396s] writing manifest file '../../build/ros2_python_examples/ros2_python_examples.egg-info/SOURCES.txt'
[3.396s] running build
[3.397s] running build_py
[3.397s] creating /home/shady/Documents/unige-robotics-msc/rt1/ros2_ws/build/ros2_python_examples/build
[3.397s] creating /home/shady/Documents/unige-robotics-msc/rt1/ros2_ws/build/ros2_python_examples/build/lib
[3.397s] creating /home/shady/Documents/unige-robotics-msc/rt1/ros2_ws/build/ros2_python_examples/build/lib/ros2_python_examples
[3.398s] copying ros2_python_examples/__init__.py -> /home/shady/Documents/unige-robotics-msc/rt1/ros2_ws/build/ros2_python_examples/build/lib/ros2_python_examples
[3.398s] copying ros2_python_examples/server.py -> /home/shady/Documents/unige-robotics-msc/rt1/ros2_ws/build/ros2_python_examples/build/lib/ros2_python_examples
[3.398s] copying ros2_python_examples/publisher.py -> /home/shady/Documents/unige-robotics-msc/rt1/ros2_ws/build/ros2_python_examples/build/lib/ros2_python_examples
[3.398s] copying ros2_python_examples/subscriber.py -> /home/shady/Documents/unige-robotics-msc/rt1/ros2_ws/build/ros2_python_examples/build/lib/ros2_python_examples
[3.399s] copying ros2_python_examples/client.py -> /home/shady/Documents/unige-robotics-msc/rt1/ros2_ws/build/ros2_python_examples/build/lib/ros2_python_examples
[3.399s] running install
[3.400s] running install_lib
[3.402s] creating /home/shady/Documents/unige-robotics-msc/rt1/ros2_ws/install/ros2_python_examples/lib/python3.10/site-packages/ros2_python_examples
[3.402s] copying /home/shady/Documents/unige-robotics-msc/rt1/ros2_ws/build/ros2_python_examples/build/lib/ros2_python_examples/__init__.py -> /home/shady/Documents/unige-robotics-msc/rt1/ros2_ws/install/ros2_python_examples/lib/python3.10/site-packages/ros2_python_examples
[3.402s] copying /home/shady/Documents/unige-robotics-msc/rt1/ros2_ws/build/ros2_python_examples/build/lib/ros2_python_examples/server.py -> /home/shady/Documents/unige-robotics-msc/rt1/ros2_ws/install/ros2_python_examples/lib/python3.10/site-packages/ros2_python_examples
[3.403s] copying /home/shady/Documents/unige-robotics-msc/rt1/ros2_ws/build/ros2_python_examples/build/lib/ros2_python_examples/publisher.py -> /home/shady/Documents/unige-robotics-msc/rt1/ros2_ws/install/ros2_python_examples/lib/python3.10/site-packages/ros2_python_examples
[3.403s] copying /home/shady/Documents/unige-robotics-msc/rt1/ros2_ws/build/ros2_python_examples/build/lib/ros2_python_examples/subscriber.py -> /home/shady/Documents/unige-robotics-msc/rt1/ros2_ws/install/ros2_python_examples/lib/python3.10/site-packages/ros2_python_examples
[3.403s] copying /home/shady/Documents/unige-robotics-msc/rt1/ros2_ws/build/ros2_python_examples/build/lib/ros2_python_examples/client.py -> /home/shady/Documents/unige-robotics-msc/rt1/ros2_ws/install/ros2_python_examples/lib/python3.10/site-packages/ros2_python_examples
[3.404s] byte-compiling /home/shady/Documents/unige-robotics-msc/rt1/ros2_ws/install/ros2_python_examples/lib/python3.10/site-packages/ros2_python_examples/__init__.py to __init__.cpython-310.pyc
[3.404s] byte-compiling /home/shady/Documents/unige-robotics-msc/rt1/ros2_ws/install/ros2_python_examples/lib/python3.10/site-packages/ros2_python_examples/server.py to server.cpython-310.pyc
[3.405s] byte-compiling /home/shady/Documents/unige-robotics-msc/rt1/ros2_ws/install/ros2_python_examples/lib/python3.10/site-packages/ros2_python_examples/publisher.py to publisher.cpython-310.pyc
[3.406s] byte-compiling /home/shady/Documents/unige-robotics-msc/rt1/ros2_ws/install/ros2_python_examples/lib/python3.10/site-packages/ros2_python_examples/subscriber.py to subscriber.cpython-310.pyc
[3.407s] byte-compiling /home/shady/Documents/unige-robotics-msc/rt1/ros2_ws/install/ros2_python_examples/lib/python3.10/site-packages/ros2_python_examples/client.py to client.cpython-310.pyc
[3.408s] running install_data
[3.408s] copying resource/ros2_python_examples -> /home/shady/Documents/unige-robotics-msc/rt1/ros2_ws/install/ros2_python_examples/share/ament_index/resource_index/packages
[3.408s] copying package.xml -> /home/shady/Documents/unige-robotics-msc/rt1/ros2_ws/install/ros2_python_examples/share/ros2_python_examples
[3.408s] running install_egg_info
[3.413s] Copying ../../build/ros2_python_examples/ros2_python_examples.egg-info to /home/shady/Documents/unige-robotics-msc/rt1/ros2_ws/install/ros2_python_examples/lib/python3.10/site-packages/ros2_python_examples-0.0.0-py3.10.egg-info
[3.414s] running install_scripts
[3.447s] Installing client_node script to /home/shady/Documents/unige-robotics-msc/rt1/ros2_ws/install/ros2_python_examples/lib/ros2_python_examples
[3.447s] Installing publisher_node script to /home/shady/Documents/unige-robotics-msc/rt1/ros2_ws/install/ros2_python_examples/lib/ros2_python_examples
[3.448s] Installing server_node script to /home/shady/Documents/unige-robotics-msc/rt1/ros2_ws/install/ros2_python_examples/lib/ros2_python_examples
[3.448s] Installing subscriber_node script to /home/shady/Documents/unige-robotics-msc/rt1/ros2_ws/install/ros2_python_examples/lib/ros2_python_examples
[3.449s] writing list of installed files to '/home/shady/Documents/unige-robotics-msc/rt1/ros2_ws/build/ros2_python_examples/install.log'
[3.589s] Invoked command in '/home/shady/Documents/unige-robotics-msc/rt1/ros2_ws/src/ros2_python_examples' returned '0': PYTHONPATH=/home/shady/Documents/unige-robotics-msc/rt1/ros2_ws/build/ros2_python_examples/prefix_override:/usr/lib/python3/dist-packages/colcon_core/task/python/colcon_distutils_commands:/home/shady/Documents/unige-robotics-msc/rt1/ros2_ws/install/ros2_python_examples/lib/python3.10/site-packages:${PYTHONPATH} /usr/bin/python3 -W ignore:setup.py install is deprecated -W ignore:easy_install command is deprecated setup.py egg_info --egg-base ../../build/ros2_python_examples build --build-base /home/shady/Documents/unige-robotics-msc/rt1/ros2_ws/build/ros2_python_examples/build install --record /home/shady/Documents/unige-robotics-msc/rt1/ros2_ws/build/ros2_python_examples/install.log --single-version-externally-managed install_data --force
