[0.680s] Invoking command in '/home/shady/Documents/unige-robotics-msc/rt1/ros2_ws/src/my_robot_controller': PYTHONPATH=/home/shady/Documents/unige-robotics-msc/rt1/ros2_ws/build/my_robot_controller/prefix_override:/usr/lib/python3/dist-packages/colcon_core/task/python/colcon_distutils_commands:/home/shady/Documents/unige-robotics-msc/rt1/ros2_ws/install/my_robot_controller/lib/python3.10/site-packages:${PYTHONPATH} /usr/bin/python3 -W ignore:setup.py install is deprecated -W ignore:easy_install command is deprecated setup.py egg_info --egg-base ../../build/my_robot_controller build --build-base /home/shady/Documents/unige-robotics-msc/rt1/ros2_ws/build/my_robot_controller/build install --record /home/shady/Documents/unige-robotics-msc/rt1/ros2_ws/build/my_robot_controller/install.log --single-version-externally-managed install_data
[1.080s] running egg_info
[1.080s] writing ../../build/my_robot_controller/my_robot_controller.egg-info/PKG-INFO
[1.081s] writing dependency_links to ../../build/my_robot_controller/my_robot_controller.egg-info/dependency_links.txt
[1.081s] writing entry points to ../../build/my_robot_controller/my_robot_controller.egg-info/entry_points.txt
[1.081s] writing requirements to ../../build/my_robot_controller/my_robot_controller.egg-info/requires.txt
[1.081s] writing top-level names to ../../build/my_robot_controller/my_robot_controller.egg-info/top_level.txt
[1.084s] reading manifest file '../../build/my_robot_controller/my_robot_controller.egg-info/SOURCES.txt'
[1.086s] writing manifest file '../../build/my_robot_controller/my_robot_controller.egg-info/SOURCES.txt'
[1.086s] running build
[1.086s] running build_py
[1.086s] running install
[1.087s] running install_lib
[1.088s] running install_data
[1.089s] running install_egg_info
[1.091s] removing '/home/shady/Documents/unige-robotics-msc/rt1/ros2_ws/install/my_robot_controller/lib/python3.10/site-packages/my_robot_controller-0.0.0-py3.10.egg-info' (and everything under it)
[1.091s] Copying ../../build/my_robot_controller/my_robot_controller.egg-info to /home/shady/Documents/unige-robotics-msc/rt1/ros2_ws/install/my_robot_controller/lib/python3.10/site-packages/my_robot_controller-0.0.0-py3.10.egg-info
[1.093s] running install_scripts
[1.126s] writing list of installed files to '/home/shady/Documents/unige-robotics-msc/rt1/ros2_ws/build/my_robot_controller/install.log'
[1.162s] Invoked command in '/home/shady/Documents/unige-robotics-msc/rt1/ros2_ws/src/my_robot_controller' returned '0': PYTHONPATH=/home/shady/Documents/unige-robotics-msc/rt1/ros2_ws/build/my_robot_controller/prefix_override:/usr/lib/python3/dist-packages/colcon_core/task/python/colcon_distutils_commands:/home/shady/Documents/unige-robotics-msc/rt1/ros2_ws/install/my_robot_controller/lib/python3.10/site-packages:${PYTHONPATH} /usr/bin/python3 -W ignore:setup.py install is deprecated -W ignore:easy_install command is deprecated setup.py egg_info --egg-base ../../build/my_robot_controller build --build-base /home/shady/Documents/unige-robotics-msc/rt1/ros2_ws/build/my_robot_controller/build install --record /home/shady/Documents/unige-robotics-msc/rt1/ros2_ws/build/my_robot_controller/install.log --single-version-externally-managed install_data
