/home/shady/Documents/unige-robotics-msc/rt1/ros2_ws/install/ros2_python_examples/lib/python3.10/site-packages/ros2_python_examples/__init__.py
/home/shady/Documents/unige-robotics-msc/rt1/ros2_ws/install/ros2_python_examples/lib/python3.10/site-packages/ros2_python_examples/server.py
/home/shady/Documents/unige-robotics-msc/rt1/ros2_ws/install/ros2_python_examples/lib/python3.10/site-packages/ros2_python_examples/publisher.py
/home/shady/Documents/unige-robotics-msc/rt1/ros2_ws/install/ros2_python_examples/lib/python3.10/site-packages/ros2_python_examples/subscriber.py
/home/shady/Documents/unige-robotics-msc/rt1/ros2_ws/install/ros2_python_examples/lib/python3.10/site-packages/ros2_python_examples/client.py
/home/shady/Documents/unige-robotics-msc/rt1/ros2_ws/install/ros2_python_examples/lib/python3.10/site-packages/ros2_python_examples/__pycache__/__init__.cpython-310.pyc
/home/shady/Documents/unige-robotics-msc/rt1/ros2_ws/install/ros2_python_examples/lib/python3.10/site-packages/ros2_python_examples/__pycache__/server.cpython-310.pyc
/home/shady/Documents/unige-robotics-msc/rt1/ros2_ws/install/ros2_python_examples/lib/python3.10/site-packages/ros2_python_examples/__pycache__/publisher.cpython-310.pyc
/home/shady/Documents/unige-robotics-msc/rt1/ros2_ws/install/ros2_python_examples/lib/python3.10/site-packages/ros2_python_examples/__pycache__/subscriber.cpython-310.pyc
/home/shady/Documents/unige-robotics-msc/rt1/ros2_ws/install/ros2_python_examples/lib/python3.10/site-packages/ros2_python_examples/__pycache__/client.cpython-310.pyc
/home/shady/Documents/unige-robotics-msc/rt1/ros2_ws/install/ros2_python_examples/share/ament_index/resource_index/packages/ros2_python_examples
/home/shady/Documents/unige-robotics-msc/rt1/ros2_ws/install/ros2_python_examples/share/ros2_python_examples/package.xml
/home/shady/Documents/unige-robotics-msc/rt1/ros2_ws/install/ros2_python_examples/lib/python3.10/site-packages/ros2_python_examples-0.0.0-py3.10.egg-info/top_level.txt
/home/shady/Documents/unige-robotics-msc/rt1/ros2_ws/install/ros2_python_examples/lib/python3.10/site-packages/ros2_python_examples-0.0.0-py3.10.egg-info/entry_points.txt
/home/shady/Documents/unige-robotics-msc/rt1/ros2_ws/install/ros2_python_examples/lib/python3.10/site-packages/ros2_python_examples-0.0.0-py3.10.egg-info/requires.txt
/home/shady/Documents/unige-robotics-msc/rt1/ros2_ws/install/ros2_python_examples/lib/python3.10/site-packages/ros2_python_examples-0.0.0-py3.10.egg-info/dependency_links.txt
/home/shady/Documents/unige-robotics-msc/rt1/ros2_ws/install/ros2_python_examples/lib/python3.10/site-packages/ros2_python_examples-0.0.0-py3.10.egg-info/SOURCES.txt
/home/shady/Documents/unige-robotics-msc/rt1/ros2_ws/install/ros2_python_examples/lib/python3.10/site-packages/ros2_python_examples-0.0.0-py3.10.egg-info/PKG-INFO
/home/shady/Documents/unige-robotics-msc/rt1/ros2_ws/install/ros2_python_examples/lib/python3.10/site-packages/ros2_python_examples-0.0.0-py3.10.egg-info/zip-safe
/home/shady/Documents/unige-robotics-msc/rt1/ros2_ws/install/ros2_python_examples/lib/ros2_python_examples/client_node
/home/shady/Documents/unige-robotics-msc/rt1/ros2_ws/install/ros2_python_examples/lib/ros2_python_examples/publisher_node
/home/shady/Documents/unige-robotics-msc/rt1/ros2_ws/install/ros2_python_examples/lib/ros2_python_examples/server_node
/home/shady/Documents/unige-robotics-msc/rt1/ros2_ws/install/ros2_python_examples/lib/ros2_python_examples/subscriber_node
