[1.114s] Invoking command in '/home/shady/Documents/unige-robotics-msc/rt1/ros2_ws/src/my_robot_controller': PYTHONPATH=/home/shady/Documents/unige-robotics-msc/rt1/ros2_ws/build/my_robot_controller/prefix_override:/usr/lib/python3/dist-packages/colcon_core/task/python/colcon_distutils_commands:/home/shady/Documents/unige-robotics-msc/rt1/ros2_ws/install/my_robot_controller/lib/python3.10/site-packages:${PYTHONPATH} /usr/bin/python3 -W ignore:setup.py install is deprecated -W ignore:easy_install command is deprecated setup.py egg_info --egg-base ../../build/my_robot_controller build --build-base /home/shady/Documents/unige-robotics-msc/rt1/ros2_ws/build/my_robot_controller/build install --record /home/shady/Documents/unige-robotics-msc/rt1/ros2_ws/build/my_robot_controller/install.log --single-version-externally-managed install_data
[1.406s] running egg_info
[1.407s] creating ../../build/my_robot_controller/my_robot_controller.egg-info
[1.407s] writing ../../build/my_robot_controller/my_robot_controller.egg-info/PKG-INFO
[1.416s] writing dependency_links to ../../build/my_robot_controller/my_robot_controller.egg-info/dependency_links.txt
[1.416s] writing entry points to ../../build/my_robot_controller/my_robot_controller.egg-info/entry_points.txt
[1.417s] writing requirements to ../../build/my_robot_controller/my_robot_controller.egg-info/requires.txt
[1.417s] writing top-level names to ../../build/my_robot_controller/my_robot_controller.egg-info/top_level.txt
[1.417s] writing manifest file '../../build/my_robot_controller/my_robot_controller.egg-info/SOURCES.txt'
[1.419s] reading manifest file '../../build/my_robot_controller/my_robot_controller.egg-info/SOURCES.txt'
[1.420s] writing manifest file '../../build/my_robot_controller/my_robot_controller.egg-info/SOURCES.txt'
[1.420s] running build
[1.420s] running build_py
[1.420s] creating /home/shady/Documents/unige-robotics-msc/rt1/ros2_ws/build/my_robot_controller/build
[1.420s] creating /home/shady/Documents/unige-robotics-msc/rt1/ros2_ws/build/my_robot_controller/build/lib
[1.420s] creating /home/shady/Documents/unige-robotics-msc/rt1/ros2_ws/build/my_robot_controller/build/lib/my_robot_controller
[1.420s] copying my_robot_controller/__init__.py -> /home/shady/Documents/unige-robotics-msc/rt1/ros2_ws/build/my_robot_controller/build/lib/my_robot_controller
[1.421s] running install
[1.421s] running install_lib
[1.422s] creating /home/shady/Documents/unige-robotics-msc/rt1/ros2_ws/install/my_robot_controller/lib/python3.10/site-packages/my_robot_controller
[1.422s] copying /home/shady/Documents/unige-robotics-msc/rt1/ros2_ws/build/my_robot_controller/build/lib/my_robot_controller/__init__.py -> /home/shady/Documents/unige-robotics-msc/rt1/ros2_ws/install/my_robot_controller/lib/python3.10/site-packages/my_robot_controller
[1.422s] byte-compiling /home/shady/Documents/unige-robotics-msc/rt1/ros2_ws/install/my_robot_controller/lib/python3.10/site-packages/my_robot_controller/__init__.py to __init__.cpython-310.pyc
[1.422s] running install_data
[1.422s] creating /home/shady/Documents/unige-robotics-msc/rt1/ros2_ws/install/my_robot_controller/share/ament_index
[1.423s] creating /home/shady/Documents/unige-robotics-msc/rt1/ros2_ws/install/my_robot_controller/share/ament_index/resource_index
[1.423s] creating /home/shady/Documents/unige-robotics-msc/rt1/ros2_ws/install/my_robot_controller/share/ament_index/resource_index/packages
[1.423s] copying resource/my_robot_controller -> /home/shady/Documents/unige-robotics-msc/rt1/ros2_ws/install/my_robot_controller/share/ament_index/resource_index/packages
[1.423s] copying package.xml -> /home/shady/Documents/unige-robotics-msc/rt1/ros2_ws/install/my_robot_controller/share/my_robot_controller
[1.423s] running install_egg_info
[1.425s] Copying ../../build/my_robot_controller/my_robot_controller.egg-info to /home/shady/Documents/unige-robotics-msc/rt1/ros2_ws/install/my_robot_controller/lib/python3.10/site-packages/my_robot_controller-0.0.0-py3.10.egg-info
[1.426s] running install_scripts
[1.451s] writing list of installed files to '/home/shady/Documents/unige-robotics-msc/rt1/ros2_ws/build/my_robot_controller/install.log'
[1.506s] Invoked command in '/home/shady/Documents/unige-robotics-msc/rt1/ros2_ws/src/my_robot_controller' returned '0': PYTHONPATH=/home/shady/Documents/unige-robotics-msc/rt1/ros2_ws/build/my_robot_controller/prefix_override:/usr/lib/python3/dist-packages/colcon_core/task/python/colcon_distutils_commands:/home/shady/Documents/unige-robotics-msc/rt1/ros2_ws/install/my_robot_controller/lib/python3.10/site-packages:${PYTHONPATH} /usr/bin/python3 -W ignore:setup.py install is deprecated -W ignore:easy_install command is deprecated setup.py egg_info --egg-base ../../build/my_robot_controller build --build-base /home/shady/Documents/unige-robotics-msc/rt1/ros2_ws/build/my_robot_controller/build install --record /home/shady/Documents/unige-robotics-msc/rt1/ros2_ws/build/my_robot_controller/install.log --single-version-externally-managed install_data
