-- Found ament_cmake: 1.3.11 (/opt/ros/humble/share/ament_cmake/cmake)
-- Override CMake install command with custom implementation using symlinks instead of copying resources
-- Found rclcpp: 16.0.11 (/opt/ros/humble/share/rclcpp/cmake)
-- Found rosidl_generator_c: 3.1.6 (/opt/ros/humble/share/rosidl_generator_c/cmake)
-- Found rosidl_adapter: 3.1.6 (/opt/ros/humble/share/rosidl_adapter/cmake)
-- Found rosidl_generator_cpp: 3.1.6 (/opt/ros/humble/share/rosidl_generator_cpp/cmake)
-- Using all available rosidl_typesupport_c: rosidl_typesupport_fastrtps_c;rosidl_typesupport_introspection_c
-- Using all available rosidl_typesupport_cpp: rosidl_typesupport_fastrtps_cpp;rosidl_typesupport_introspection_cpp
-- Found rmw_implementation_cmake: 6.1.2 (/opt/ros/humble/share/rmw_implementation_cmake/cmake)
-- Found rmw_fastrtps_cpp: 6.2.7 (/opt/ros/humble/share/rmw_fastrtps_cpp/cmake)
-- Using RMW implementation 'rmw_fastrtps_cpp' as default
-- Found example_interfaces: 0.9.3 (/opt/ros/humble/share/example_interfaces/cmake)
-- Found ament_lint_auto: 0.12.11 (/opt/ros/humble/share/ament_lint_auto/cmake)
-- Added test 'cppcheck' to perform static code analysis on C / C++ code
-- Configured cppcheck include dirs: 
-- Configured cppcheck exclude dirs and/or files: 
-- Added test 'lint_cmake' to check CMake code style
-- Added test 'uncrustify' to check C / C++ code style
-- Configured uncrustify additional arguments: 
-- Added test 'xmllint' to check XML markup files
-- Configuring done
-- Generating done
-- Build files have been written to: /home/shady/Documents/unige-robotics-msc/rt1/ros2_ws/build/ros2_cpp_examples
[35m[1mConsolidate compiler generated dependencies of target listener[0m
[35m[1mConsolidate compiler generated dependencies of target talker[0m
[ 12%] [32mBuilding CXX object CMakeFiles/client.dir/src/client.cpp.o[0m
[ 25%] [32mBuilding CXX object CMakeFiles/server.dir/src/server.cpp.o[0m
[ 75%] Built target listener
[ 75%] Built target talker
[ 87%] [32m[1mLinking CXX executable server[0m
[100%] [32m[1mLinking CXX executable client[0m
[100%] Built target server
[100%] Built target client
-- Install configuration: ""
-- Execute custom install script
-- Up-to-date symlink: /home/shady/Documents/unige-robotics-msc/rt1/ros2_ws/install/ros2_cpp_examples/lib/ros2_cpp_examples/talker
-- Up-to-date symlink: /home/shady/Documents/unige-robotics-msc/rt1/ros2_ws/install/ros2_cpp_examples/lib/ros2_cpp_examples/listener
-- Symlinking: /home/shady/Documents/unige-robotics-msc/rt1/ros2_ws/install/ros2_cpp_examples/lib/ros2_cpp_examples/server
-- Symlinking: /home/shady/Documents/unige-robotics-msc/rt1/ros2_ws/install/ros2_cpp_examples/lib/ros2_cpp_examples/client
-- Up-to-date symlink: /home/shady/Documents/unige-robotics-msc/rt1/ros2_ws/install/ros2_cpp_examples/share/ament_index/resource_index/package_run_dependencies/ros2_cpp_examples
-- Up-to-date symlink: /home/shady/Documents/unige-robotics-msc/rt1/ros2_ws/install/ros2_cpp_examples/share/ament_index/resource_index/parent_prefix_path/ros2_cpp_examples
-- Up-to-date symlink: /home/shady/Documents/unige-robotics-msc/rt1/ros2_ws/install/ros2_cpp_examples/share/ros2_cpp_examples/environment/ament_prefix_path.sh
-- Up-to-date symlink: /home/shady/Documents/unige-robotics-msc/rt1/ros2_ws/install/ros2_cpp_examples/share/ros2_cpp_examples/environment/ament_prefix_path.dsv
-- Up-to-date symlink: /home/shady/Documents/unige-robotics-msc/rt1/ros2_ws/install/ros2_cpp_examples/share/ros2_cpp_examples/environment/path.sh
-- Up-to-date symlink: /home/shady/Documents/unige-robotics-msc/rt1/ros2_ws/install/ros2_cpp_examples/share/ros2_cpp_examples/environment/path.dsv
-- Up-to-date symlink: /home/shady/Documents/unige-robotics-msc/rt1/ros2_ws/install/ros2_cpp_examples/share/ros2_cpp_examples/local_setup.bash
-- Up-to-date symlink: /home/shady/Documents/unige-robotics-msc/rt1/ros2_ws/install/ros2_cpp_examples/share/ros2_cpp_examples/local_setup.sh
-- Up-to-date symlink: /home/shady/Documents/unige-robotics-msc/rt1/ros2_ws/install/ros2_cpp_examples/share/ros2_cpp_examples/local_setup.zsh
-- Up-to-date symlink: /home/shady/Documents/unige-robotics-msc/rt1/ros2_ws/install/ros2_cpp_examples/share/ros2_cpp_examples/local_setup.dsv
-- Symlinking: /home/shady/Documents/unige-robotics-msc/rt1/ros2_ws/install/ros2_cpp_examples/share/ros2_cpp_examples/package.dsv
-- Up-to-date symlink: /home/shady/Documents/unige-robotics-msc/rt1/ros2_ws/install/ros2_cpp_examples/share/ament_index/resource_index/packages/ros2_cpp_examples
-- Up-to-date symlink: /home/shady/Documents/unige-robotics-msc/rt1/ros2_ws/install/ros2_cpp_examples/share/ros2_cpp_examples/cmake/ros2_cpp_examplesConfig.cmake
-- Up-to-date symlink: /home/shady/Documents/unige-robotics-msc/rt1/ros2_ws/install/ros2_cpp_examples/share/ros2_cpp_examples/cmake/ros2_cpp_examplesConfig-version.cmake
-- Up-to-date symlink: /home/shady/Documents/unige-robotics-msc/rt1/ros2_ws/install/ros2_cpp_examples/share/ros2_cpp_examples/package.xml
