[0.374s] Invoking command in '/home/shady/Documents/unige-robotics-msc/rt1/ros2_ws/build/ros2_cpp_examples': CMAKE_PREFIX_PATH=${CMAKE_PREFIX_PATH}:/home/shady/Documents/unige-robotics-msc/rt1/ros2_ws/install/my_robot_controller:/opt/ros/humble /usr/bin/cmake --build /home/shady/Documents/unige-robotics-msc/rt1/ros2_ws/build/ros2_cpp_examples -- -j8 -l8
[0.411s] -- Found ament_cmake: 1.3.11 (/opt/ros/humble/share/ament_cmake/cmake)
[0.567s] -- Override CMake install command with custom implementation using symlinks instead of copying resources
[0.575s] -- Found rclcpp: 16.0.11 (/opt/ros/humble/share/rclcpp/cmake)
[0.614s] -- Found rosidl_generator_c: 3.1.6 (/opt/ros/humble/share/rosidl_generator_c/cmake)
[0.618s] -- Found rosidl_adapter: 3.1.6 (/opt/ros/humble/share/rosidl_adapter/cmake)
[0.626s] -- Found rosidl_generator_cpp: 3.1.6 (/opt/ros/humble/share/rosidl_generator_cpp/cmake)
[0.636s] -- Using all available rosidl_typesupport_c: rosidl_typesupport_fastrtps_c;rosidl_typesupport_introspection_c
[0.651s] -- Using all available rosidl_typesupport_cpp: rosidl_typesupport_fastrtps_cpp;rosidl_typesupport_introspection_cpp
[0.685s] -- Found rmw_implementation_cmake: 6.1.2 (/opt/ros/humble/share/rmw_implementation_cmake/cmake)
[0.687s] -- Found rmw_fastrtps_cpp: 6.2.7 (/opt/ros/humble/share/rmw_fastrtps_cpp/cmake)
[0.815s] -- Using RMW implementation 'rmw_fastrtps_cpp' as default
[0.943s] -- Found example_interfaces: 0.9.3 (/opt/ros/humble/share/example_interfaces/cmake)
[1.171s] -- Found ament_lint_auto: 0.12.11 (/opt/ros/humble/share/ament_lint_auto/cmake)
[1.390s] -- Added test 'cppcheck' to perform static code analysis on C / C++ code
[1.390s] -- Configured cppcheck include dirs: 
[1.391s] -- Configured cppcheck exclude dirs and/or files: 
[1.406s] -- Added test 'lint_cmake' to check CMake code style
[1.414s] -- Added test 'uncrustify' to check C / C++ code style
[1.414s] -- Configured uncrustify additional arguments: 
[1.415s] -- Added test 'xmllint' to check XML markup files
[1.419s] -- Configuring done
[1.527s] -- Generating done
[1.538s] -- Build files have been written to: /home/shady/Documents/unige-robotics-msc/rt1/ros2_ws/build/ros2_cpp_examples
[1.573s] [35m[1mConsolidate compiler generated dependencies of target listener[0m
[1.573s] [35m[1mConsolidate compiler generated dependencies of target talker[0m
[1.587s] [ 12%] [32mBuilding CXX object CMakeFiles/client.dir/src/client.cpp.o[0m
[1.587s] [ 25%] [32mBuilding CXX object CMakeFiles/server.dir/src/server.cpp.o[0m
[1.594s] [ 75%] Built target listener
[1.594s] [ 75%] Built target talker
[6.260s] [ 87%] [32m[1mLinking CXX executable server[0m
[6.305s] [100%] [32m[1mLinking CXX executable client[0m
[6.715s] [100%] Built target server
[6.718s] [100%] Built target client
[6.733s] Invoked command in '/home/shady/Documents/unige-robotics-msc/rt1/ros2_ws/build/ros2_cpp_examples' returned '0': CMAKE_PREFIX_PATH=${CMAKE_PREFIX_PATH}:/home/shady/Documents/unige-robotics-msc/rt1/ros2_ws/install/my_robot_controller:/opt/ros/humble /usr/bin/cmake --build /home/shady/Documents/unige-robotics-msc/rt1/ros2_ws/build/ros2_cpp_examples -- -j8 -l8
[6.746s] Invoking command in '/home/shady/Documents/unige-robotics-msc/rt1/ros2_ws/build/ros2_cpp_examples': CMAKE_PREFIX_PATH=${CMAKE_PREFIX_PATH}:/home/shady/Documents/unige-robotics-msc/rt1/ros2_ws/install/my_robot_controller:/opt/ros/humble /usr/bin/cmake --install /home/shady/Documents/unige-robotics-msc/rt1/ros2_ws/build/ros2_cpp_examples
[6.754s] -- Install configuration: ""
[6.755s] -- Execute custom install script
[6.755s] -- Up-to-date symlink: /home/shady/Documents/unige-robotics-msc/rt1/ros2_ws/install/ros2_cpp_examples/lib/ros2_cpp_examples/talker
[6.756s] -- Up-to-date symlink: /home/shady/Documents/unige-robotics-msc/rt1/ros2_ws/install/ros2_cpp_examples/lib/ros2_cpp_examples/listener
[6.756s] -- Symlinking: /home/shady/Documents/unige-robotics-msc/rt1/ros2_ws/install/ros2_cpp_examples/lib/ros2_cpp_examples/server
[6.765s] -- Symlinking: /home/shady/Documents/unige-robotics-msc/rt1/ros2_ws/install/ros2_cpp_examples/lib/ros2_cpp_examples/client
[6.775s] -- Up-to-date symlink: /home/shady/Documents/unige-robotics-msc/rt1/ros2_ws/install/ros2_cpp_examples/share/ament_index/resource_index/package_run_dependencies/ros2_cpp_examples
[6.775s] -- Up-to-date symlink: /home/shady/Documents/unige-robotics-msc/rt1/ros2_ws/install/ros2_cpp_examples/share/ament_index/resource_index/parent_prefix_path/ros2_cpp_examples
[6.775s] -- Up-to-date symlink: /home/shady/Documents/unige-robotics-msc/rt1/ros2_ws/install/ros2_cpp_examples/share/ros2_cpp_examples/environment/ament_prefix_path.sh
[6.775s] -- Up-to-date symlink: /home/shady/Documents/unige-robotics-msc/rt1/ros2_ws/install/ros2_cpp_examples/share/ros2_cpp_examples/environment/ament_prefix_path.dsv
[6.776s] -- Up-to-date symlink: /home/shady/Documents/unige-robotics-msc/rt1/ros2_ws/install/ros2_cpp_examples/share/ros2_cpp_examples/environment/path.sh
[6.776s] -- Up-to-date symlink: /home/shady/Documents/unige-robotics-msc/rt1/ros2_ws/install/ros2_cpp_examples/share/ros2_cpp_examples/environment/path.dsv
[6.776s] -- Up-to-date symlink: /home/shady/Documents/unige-robotics-msc/rt1/ros2_ws/install/ros2_cpp_examples/share/ros2_cpp_examples/local_setup.bash
[6.776s] -- Up-to-date symlink: /home/shady/Documents/unige-robotics-msc/rt1/ros2_ws/install/ros2_cpp_examples/share/ros2_cpp_examples/local_setup.sh
[6.776s] -- Up-to-date symlink: /home/shady/Documents/unige-robotics-msc/rt1/ros2_ws/install/ros2_cpp_examples/share/ros2_cpp_examples/local_setup.zsh
[6.777s] -- Up-to-date symlink: /home/shady/Documents/unige-robotics-msc/rt1/ros2_ws/install/ros2_cpp_examples/share/ros2_cpp_examples/local_setup.dsv
[6.777s] -- Symlinking: /home/shady/Documents/unige-robotics-msc/rt1/ros2_ws/install/ros2_cpp_examples/share/ros2_cpp_examples/package.dsv
[6.787s] -- Up-to-date symlink: /home/shady/Documents/unige-robotics-msc/rt1/ros2_ws/install/ros2_cpp_examples/share/ament_index/resource_index/packages/ros2_cpp_examples
[6.787s] -- Up-to-date symlink: /home/shady/Documents/unige-robotics-msc/rt1/ros2_ws/install/ros2_cpp_examples/share/ros2_cpp_examples/cmake/ros2_cpp_examplesConfig.cmake
[6.787s] -- Up-to-date symlink: /home/shady/Documents/unige-robotics-msc/rt1/ros2_ws/install/ros2_cpp_examples/share/ros2_cpp_examples/cmake/ros2_cpp_examplesConfig-version.cmake
[6.787s] -- Up-to-date symlink: /home/shady/Documents/unige-robotics-msc/rt1/ros2_ws/install/ros2_cpp_examples/share/ros2_cpp_examples/package.xml
[6.790s] Invoked command in '/home/shady/Documents/unige-robotics-msc/rt1/ros2_ws/build/ros2_cpp_examples' returned '0': CMAKE_PREFIX_PATH=${CMAKE_PREFIX_PATH}:/home/shady/Documents/unige-robotics-msc/rt1/ros2_ws/install/my_robot_controller:/opt/ros/humble /usr/bin/cmake --install /home/shady/Documents/unige-robotics-msc/rt1/ros2_ws/build/ros2_cpp_examples
