[0.549s] Invoking command in '/home/shady/Documents/unige-robotics-msc/rt1/ros2_ws/build/ros2_cpp_examples': CMAKE_PREFIX_PATH=${CMAKE_PREFIX_PATH}:/home/shady/Documents/unige-robotics-msc/rt1/ros2_ws/install/my_robot_controller:/opt/ros/humble /usr/bin/cmake --build /home/shady/Documents/unige-robotics-msc/rt1/ros2_ws/build/ros2_cpp_examples -- -j8 -l8
[1.205s] -- Found ament_cmake: 1.3.11 (/opt/ros/humble/share/ament_cmake/cmake)
[1.577s] -- Override CMake install command with custom implementation using symlinks instead of copying resources
[1.783s] -- Found rclcpp: 16.0.11 (/opt/ros/humble/share/rclcpp/cmake)
[2.054s] -- Found rosidl_generator_c: 3.1.6 (/opt/ros/humble/share/rosidl_generator_c/cmake)
[2.070s] -- Found rosidl_adapter: 3.1.6 (/opt/ros/humble/share/rosidl_adapter/cmake)
[2.114s] -- Found rosidl_generator_cpp: 3.1.6 (/opt/ros/humble/share/rosidl_generator_cpp/cmake)
[2.142s] -- Using all available rosidl_typesupport_c: rosidl_typesupport_fastrtps_c;rosidl_typesupport_introspection_c
[2.166s] -- Using all available rosidl_typesupport_cpp: rosidl_typesupport_fastrtps_cpp;rosidl_typesupport_introspection_cpp
[2.318s] -- Found rmw_implementation_cmake: 6.1.2 (/opt/ros/humble/share/rmw_implementation_cmake/cmake)
[2.327s] -- Found rmw_fastrtps_cpp: 6.2.7 (/opt/ros/humble/share/rmw_fastrtps_cpp/cmake)
[2.749s] -- Using RMW implementation 'rmw_fastrtps_cpp' as default
[3.149s] [31mCMake Error at /opt/ros/humble/share/ament_cmake_target_dependencies/cmake/ament_target_dependencies.cmake:77 (message):
[3.149s]   ament_target_dependencies() the passed package name 'example_interfaces'
[3.149s]   was not found before
[3.149s] Call Stack (most recent call first):
[3.149s]   CMakeLists.txt:19 (ament_target_dependencies)
[3.149s] 
[3.150s] [0m
[3.150s] -- Configuring incomplete, errors occurred!
[3.150s] See also "/home/shady/Documents/unige-robotics-msc/rt1/ros2_ws/build/ros2_cpp_examples/CMakeFiles/CMakeOutput.log".
[3.157s] gmake: *** [Makefile:308: cmake_check_build_system] Error 1
[3.159s] Invoked command in '/home/shady/Documents/unige-robotics-msc/rt1/ros2_ws/build/ros2_cpp_examples' returned '2': CMAKE_PREFIX_PATH=${CMAKE_PREFIX_PATH}:/home/shady/Documents/unige-robotics-msc/rt1/ros2_ws/install/my_robot_controller:/opt/ros/humble /usr/bin/cmake --build /home/shady/Documents/unige-robotics-msc/rt1/ros2_ws/build/ros2_cpp_examples -- -j8 -l8
