[0.757s] Invoking command in '/home/shady/Documents/unige-robotics-msc/rt1/ros2_ws/build/my_robot_controller': PYTHONPATH=/home/shady/Documents/unige-robotics-msc/rt1/ros2_ws/build/my_robot_controller/prefix_override:/usr/lib/python3/dist-packages/colcon_core/task/python/colcon_distutils_commands:/home/shady/Documents/unige-robotics-msc/rt1/ros2_ws/install/my_robot_controller/lib/python3.10/site-packages:${PYTHONPATH} /usr/bin/python3 -W ignore:setup.py install is deprecated -W ignore:easy_install command is deprecated setup.py develop --editable --build-directory /home/shady/Documents/unige-robotics-msc/rt1/ros2_ws/build/my_robot_controller/build --no-deps symlink_data --force
[1.112s] running develop
[1.312s] running egg_info
[1.312s] writing my_robot_controller.egg-info/PKG-INFO
[1.313s] writing dependency_links to my_robot_controller.egg-info/dependency_links.txt
[1.313s] writing entry points to my_robot_controller.egg-info/entry_points.txt
[1.313s] writing requirements to my_robot_controller.egg-info/requires.txt
[1.313s] writing top-level names to my_robot_controller.egg-info/top_level.txt
[1.319s] reading manifest file 'my_robot_controller.egg-info/SOURCES.txt'
[1.320s] writing manifest file 'my_robot_controller.egg-info/SOURCES.txt'
[1.322s] running build_ext
[1.322s] Creating /home/shady/Documents/unige-robotics-msc/rt1/ros2_ws/install/my_robot_controller/lib/python3.10/site-packages/my-robot-controller.egg-link (link to .)
[1.323s] Installing draw_circle script to /home/shady/Documents/unige-robotics-msc/rt1/ros2_ws/install/my_robot_controller/lib/my_robot_controller
[1.324s] Installing test_node script to /home/shady/Documents/unige-robotics-msc/rt1/ros2_ws/install/my_robot_controller/lib/my_robot_controller
[1.324s] 
[1.324s] Installed /home/shady/Documents/unige-robotics-msc/rt1/ros2_ws/build/my_robot_controller
[1.325s] running symlink_data
[1.325s] symbolically linking /home/shady/Documents/unige-robotics-msc/rt1/ros2_ws/build/my_robot_controller/resource/my_robot_controller -> /home/shady/Documents/unige-robotics-msc/rt1/ros2_ws/install/my_robot_controller/share/ament_index/resource_index/packages
[1.325s] symbolically linking /home/shady/Documents/unige-robotics-msc/rt1/ros2_ws/build/my_robot_controller/package.xml -> /home/shady/Documents/unige-robotics-msc/rt1/ros2_ws/install/my_robot_controller/share/my_robot_controller
[1.361s] Invoked command in '/home/shady/Documents/unige-robotics-msc/rt1/ros2_ws/build/my_robot_controller' returned '0': PYTHONPATH=/home/shady/Documents/unige-robotics-msc/rt1/ros2_ws/build/my_robot_controller/prefix_override:/usr/lib/python3/dist-packages/colcon_core/task/python/colcon_distutils_commands:/home/shady/Documents/unige-robotics-msc/rt1/ros2_ws/install/my_robot_controller/lib/python3.10/site-packages:${PYTHONPATH} /usr/bin/python3 -W ignore:setup.py install is deprecated -W ignore:easy_install command is deprecated setup.py develop --editable --build-directory /home/shady/Documents/unige-robotics-msc/rt1/ros2_ws/build/my_robot_controller/build --no-deps symlink_data --force
